{"/home/travis/build/npmtest/node-npmtest-node-discover/test.js":{"path":"/home/travis/build/npmtest/node-npmtest-node-discover/test.js","s":{"1":2,"2":2,"3":2,"4":2,"5":2,"6":2,"7":2,"8":1,"9":2,"10":2,"11":1,"12":1,"13":1,"14":1,"15":2,"16":2,"17":2,"18":2,"19":1,"20":1,"21":2,"22":2,"23":2,"24":1,"25":1,"26":1,"27":1,"28":1,"29":1,"30":1,"31":1,"32":1,"33":1,"34":1,"35":1,"36":1,"37":1,"38":1,"39":2,"40":2,"41":1,"42":2,"43":2,"44":1,"45":2,"46":2,"47":1,"48":2,"49":2,"50":1,"51":1,"52":1,"53":1,"54":1},"b":{"1":[2,1,1,1],"2":[1,1,1,1],"3":[1,1],"4":[1,1],"5":[1,1],"6":[1,1],"7":[1,1],"8":[1,1],"9":[1,1],"10":[1,1,1],"11":[1,1],"12":[1,1],"13":[1,1],"14":[1,1],"15":[1,1],"16":[1,1],"17":[1,1]},"f":{"1":2,"2":2,"3":2,"4":2,"5":2,"6":1,"7":1,"8":1,"9":2,"10":2,"11":2,"12":2,"13":1},"fnMap":{"1":{"name":"(anonymous_1)","line":12,"loc":{"start":{"line":12,"column":1},"end":{"line":12,"column":13}}},"2":{"name":"(anonymous_2)","line":19,"loc":{"start":{"line":19,"column":5},"end":{"line":19,"column":17}}},"3":{"name":"(anonymous_3)","line":23,"loc":{"start":{"line":23,"column":24},"end":{"line":23,"column":36}}},"4":{"name":"(anonymous_4)","line":61,"loc":{"start":{"line":61,"column":5},"end":{"line":61,"column":17}}},"5":{"name":"(anonymous_5)","line":82,"loc":{"start":{"line":82,"column":5},"end":{"line":82,"column":17}}},"6":{"name":"(anonymous_6)","line":91,"loc":{"start":{"line":91,"column":77},"end":{"line":94,"column":10}}},"7":{"name":"(anonymous_7)","line":112,"loc":{"start":{"line":112,"column":83},"end":{"line":115,"column":10}},"skip":true},"8":{"name":"(anonymous_8)","line":123,"loc":{"start":{"line":123,"column":77},"end":{"line":126,"column":10}},"skip":true},"9":{"name":"(anonymous_9)","line":139,"loc":{"start":{"line":139,"column":12},"end":{"line":139,"column":40}},"skip":true},"10":{"name":"(anonymous_10)","line":147,"loc":{"start":{"line":147,"column":77},"end":{"line":150,"column":10}},"skip":true},"11":{"name":"(anonymous_11)","line":158,"loc":{"start":{"line":158,"column":83},"end":{"line":161,"column":10}},"skip":true},"12":{"name":"(anonymous_12)","line":169,"loc":{"start":{"line":169,"column":79},"end":{"line":172,"column":10}},"skip":true},"13":{"name":"(anonymous_13)","line":180,"loc":{"start":{"line":180,"column":75},"end":{"line":183,"column":10}},"skip":true}},"statementMap":{"1":{"start":{"line":12,"column":0},"end":{"line":195,"column":5}},"2":{"start":{"line":14,"column":4},"end":{"line":14,"column":14}},"3":{"start":{"line":19,"column":4},"end":{"line":56,"column":9}},"4":{"start":{"line":21,"column":8},"end":{"line":21,"column":19}},"5":{"start":{"line":23,"column":8},"end":{"line":35,"column":13}},"6":{"start":{"line":24,"column":12},"end":{"line":34,"column":13}},"7":{"start":{"line":25,"column":16},"end":{"line":28,"column":30}},"8":{"start":{"line":30,"column":16},"end":{"line":33,"column":27}},"9":{"start":{"line":37,"column":8},"end":{"line":39,"column":21}},"10":{"start":{"line":40,"column":8},"end":{"line":53,"column":9}},"11":{"start":{"line":43,"column":12},"end":{"line":46,"column":14}},"12":{"start":{"line":47,"column":12},"end":{"line":47,"column":18}},"13":{"start":{"line":50,"column":12},"end":{"line":51,"column":33}},"14":{"start":{"line":52,"column":12},"end":{"line":52,"column":18}},"15":{"start":{"line":55,"column":8},"end":{"line":55,"column":35}},"16":{"start":{"line":61,"column":4},"end":{"line":63,"column":9}},"17":{"start":{"line":62,"column":8},"end":{"line":62,"column":15}},"18":{"start":{"line":64,"column":4},"end":{"line":77,"column":5}},"19":{"start":{"line":70,"column":8},"end":{"line":70,"column":14}},"20":{"start":{"line":76,"column":8},"end":{"line":76,"column":14}},"21":{"start":{"line":82,"column":4},"end":{"line":84,"column":9}},"22":{"start":{"line":83,"column":8},"end":{"line":83,"column":15}},"23":{"start":{"line":85,"column":4},"end":{"line":194,"column":5}},"24":{"start":{"line":91,"column":8},"end":{"line":99,"column":10}},"25":{"start":{"line":98,"column":12},"end":{"line":98,"column":35}},"26":{"start":{"line":102,"column":8},"end":{"line":104,"column":63}},"27":{"start":{"line":105,"column":8},"end":{"line":105,"column":14}},"28":{"start":{"line":112,"column":8},"end":{"line":121,"column":10},"skip":true},"29":{"start":{"line":119,"column":12},"end":{"line":119,"column":55},"skip":true},"30":{"start":{"line":120,"column":12},"end":{"line":120,"column":48},"skip":true},"31":{"start":{"line":123,"column":8},"end":{"line":136,"column":10},"skip":true},"32":{"start":{"line":130,"column":12},"end":{"line":130,"column":76},"skip":true},"33":{"start":{"line":131,"column":12},"end":{"line":131,"column":73},"skip":true},"34":{"start":{"line":132,"column":12},"end":{"line":132,"column":74},"skip":true},"35":{"start":{"line":133,"column":12},"end":{"line":133,"column":79},"skip":true},"36":{"start":{"line":134,"column":12},"end":{"line":134,"column":25},"skip":true},"37":{"start":{"line":135,"column":12},"end":{"line":135,"column":45},"skip":true},"38":{"start":{"line":138,"column":8},"end":{"line":145,"column":14},"skip":true},"39":{"start":{"line":143,"column":16},"end":{"line":143,"column":29},"skip":true},"40":{"start":{"line":144,"column":16},"end":{"line":144,"column":55},"skip":true},"41":{"start":{"line":147,"column":8},"end":{"line":156,"column":10},"skip":true},"42":{"start":{"line":154,"column":12},"end":{"line":154,"column":25},"skip":true},"43":{"start":{"line":155,"column":12},"end":{"line":155,"column":45},"skip":true},"44":{"start":{"line":158,"column":8},"end":{"line":167,"column":10},"skip":true},"45":{"start":{"line":165,"column":12},"end":{"line":165,"column":25},"skip":true},"46":{"start":{"line":166,"column":12},"end":{"line":166,"column":48},"skip":true},"47":{"start":{"line":169,"column":8},"end":{"line":178,"column":10},"skip":true},"48":{"start":{"line":176,"column":12},"end":{"line":176,"column":25},"skip":true},"49":{"start":{"line":177,"column":12},"end":{"line":177,"column":46},"skip":true},"50":{"start":{"line":180,"column":8},"end":{"line":189,"column":10},"skip":true},"51":{"start":{"line":187,"column":12},"end":{"line":187,"column":94},"skip":true},"52":{"start":{"line":188,"column":12},"end":{"line":188,"column":48},"skip":true},"53":{"start":{"line":192,"column":8},"end":{"line":192,"column":35},"skip":true},"54":{"start":{"line":193,"column":8},"end":{"line":193,"column":14},"skip":true}},"branchMap":{"1":{"line":25,"type":"binary-expr","locations":[{"start":{"line":25,"column":23},"end":{"line":25,"column":62}},{"start":{"line":26,"column":20},"end":{"line":26,"column":70}},{"start":{"line":27,"column":20},"end":{"line":27,"column":71}},{"start":{"line":28,"column":20},"end":{"line":28,"column":29}}]},"2":{"line":30,"type":"binary-expr","locations":[{"start":{"line":30,"column":23},"end":{"line":30,"column":37}},{"start":{"line":31,"column":20},"end":{"line":31,"column":61}},{"start":{"line":32,"column":20},"end":{"line":32,"column":70}},{"start":{"line":33,"column":20},"end":{"line":33,"column":26}}]},"3":{"line":37,"type":"cond-expr","locations":[{"start":{"line":38,"column":14},"end":{"line":38,"column":20}},{"start":{"line":39,"column":14},"end":{"line":39,"column":20}}]},"4":{"line":40,"type":"switch","locations":[{"start":{"line":42,"column":8},"end":{"line":47,"column":18}},{"start":{"line":49,"column":8},"end":{"line":52,"column":18}}]},"5":{"line":44,"type":"binary-expr","locations":[{"start":{"line":44,"column":16},"end":{"line":44,"column":44}},{"start":{"line":44,"column":48},"end":{"line":44,"column":66}}]},"6":{"line":50,"type":"binary-expr","locations":[{"start":{"line":50,"column":21},"end":{"line":50,"column":49}},{"start":{"line":50,"column":53},"end":{"line":50,"column":72}}]},"7":{"line":64,"type":"switch","locations":[{"start":{"line":69,"column":4},"end":{"line":70,"column":14}},{"start":{"line":75,"column":4},"end":{"line":76,"column":14}}]},"8":{"line":85,"type":"switch","locations":[{"start":{"line":90,"column":4},"end":{"line":105,"column":14}},{"start":{"line":111,"column":4},"end":{"line":193,"column":14},"skip":true}]},"9":{"line":91,"type":"binary-expr","locations":[{"start":{"line":91,"column":42},"end":{"line":91,"column":73}},{"start":{"line":91,"column":77},"end":{"line":99,"column":9}}]},"10":{"line":102,"type":"binary-expr","locations":[{"start":{"line":102,"column":18},"end":{"line":102,"column":32}},{"start":{"line":103,"column":12},"end":{"line":103,"column":53}},{"start":{"line":104,"column":12},"end":{"line":104,"column":61}}]},"11":{"line":112,"type":"binary-expr","locations":[{"start":{"line":112,"column":45},"end":{"line":112,"column":79},"skip":true},{"start":{"line":112,"column":83},"end":{"line":121,"column":9},"skip":true}]},"12":{"line":123,"type":"binary-expr","locations":[{"start":{"line":123,"column":42},"end":{"line":123,"column":73},"skip":true},{"start":{"line":123,"column":77},"end":{"line":136,"column":9},"skip":true}]},"13":{"line":138,"type":"binary-expr","locations":[{"start":{"line":138,"column":48},"end":{"line":138,"column":85},"skip":true},{"start":{"line":139,"column":12},"end":{"line":145,"column":13},"skip":true}]},"14":{"line":147,"type":"binary-expr","locations":[{"start":{"line":147,"column":42},"end":{"line":147,"column":73},"skip":true},{"start":{"line":147,"column":77},"end":{"line":156,"column":9},"skip":true}]},"15":{"line":158,"type":"binary-expr","locations":[{"start":{"line":158,"column":45},"end":{"line":158,"column":79},"skip":true},{"start":{"line":158,"column":83},"end":{"line":167,"column":9},"skip":true}]},"16":{"line":169,"type":"binary-expr","locations":[{"start":{"line":169,"column":43},"end":{"line":169,"column":75},"skip":true},{"start":{"line":169,"column":79},"end":{"line":178,"column":9},"skip":true}]},"17":{"line":180,"type":"binary-expr","locations":[{"start":{"line":180,"column":41},"end":{"line":180,"column":71},"skip":true},{"start":{"line":180,"column":75},"end":{"line":189,"column":9},"skip":true}]}},"code":["/* istanbul instrument in package npmtest_node_discover */","/*jslint","    bitwise: true,","    browser: true,","    maxerr: 8,","    maxlen: 96,","    node: true,","    nomen: true,","    regexp: true,","    stupid: true","*/","(function () {","    'use strict';","    var local;","","","","    // run shared js-env code - pre-init","    (function () {","        // init local","        local = {};","        // init modeJs","        local.modeJs = (function () {","            try {","                return typeof navigator.userAgent === 'string' &&","                    typeof document.querySelector('body') === 'object' &&","                    typeof XMLHttpRequest.prototype.open === 'function' &&","                    'browser';","            } catch (errorCaughtBrowser) {","                return module.exports &&","                    typeof process.versions.node === 'string' &&","                    typeof require('http').createServer === 'function' &&","                    'node';","            }","        }());","        // init global","        local.global = local.modeJs === 'browser'","            ? window","            : global;","        switch (local.modeJs) {","        // re-init local from window.local","        case 'browser':","            local = local.global.utility2.objectSetDefault(","                local.global.utility2_rollup || local.global.local,","                local.global.utility2","            );","            break;","        // re-init local from example.js","        case 'node':","            local = (local.global.utility2_rollup || require('utility2'))","                .requireReadme();","            break;","        }","        // export local","        local.global.local = local;","    }());","","","","    // run shared js-env code - function","    (function () {","        return;","    }());","    switch (local.modeJs) {","","","","    // run browser js-env code - function","    case 'browser':","        break;","","","","    // run node js-env code - function","    case 'node':","        break;","    }","","","","    // run shared js-env code - post-init","    (function () {","        return;","    }());","    switch (local.modeJs) {","","","","    // run browser js-env code - post-init","    case 'browser':","        local.testCase_browser_nullCase = local.testCase_browser_nullCase || function (","            options,","            onError","        ) {","        /*","         * this function will test browsers's null-case handling-behavior-behavior","         */","            onError(null, options);","        };","","        // run tests","        local.nop(local.modeTest &&","            document.querySelector('#testRunButton1') &&","            document.querySelector('#testRunButton1').click());","        break;","","","","    // run node js-env code - post-init","    /* istanbul ignore next */","    case 'node':","        local.testCase_buildApidoc_default = local.testCase_buildApidoc_default || function (","            options,","            onError","        ) {","        /*","         * this function will test buildApidoc's default handling-behavior-behavior","         */","            options = { modulePathList: module.paths };","            local.buildApidoc(options, onError);","        };","","        local.testCase_buildApp_default = local.testCase_buildApp_default || function (","            options,","            onError","        ) {","        /*","         * this function will test buildApp's default handling-behavior-behavior","         */","            local.testCase_buildReadme_default(options, local.onErrorThrow);","            local.testCase_buildLib_default(options, local.onErrorThrow);","            local.testCase_buildTest_default(options, local.onErrorThrow);","            local.testCase_buildCustomOrg_default(options, local.onErrorThrow);","            options = [];","            local.buildApp(options, onError);","        };","","        local.testCase_buildCustomOrg_default = local.testCase_buildCustomOrg_default ||","            function (options, onError) {","            /*","             * this function will test buildCustomOrg's default handling-behavior","             */","                options = {};","                local.buildCustomOrg(options, onError);","            };","","        local.testCase_buildLib_default = local.testCase_buildLib_default || function (","            options,","            onError","        ) {","        /*","         * this function will test buildLib's default handling-behavior","         */","            options = {};","            local.buildLib(options, onError);","        };","","        local.testCase_buildReadme_default = local.testCase_buildReadme_default || function (","            options,","            onError","        ) {","        /*","         * this function will test buildReadme's default handling-behavior-behavior","         */","            options = {};","            local.buildReadme(options, onError);","        };","","        local.testCase_buildTest_default = local.testCase_buildTest_default || function (","            options,","            onError","        ) {","        /*","         * this function will test buildTest's default handling-behavior","         */","            options = {};","            local.buildTest(options, onError);","        };","","        local.testCase_webpage_default = local.testCase_webpage_default || function (","            options,","            onError","        ) {","        /*","         * this function will test webpage's default handling-behavior","         */","            options = { modeCoverageMerge: true, url: local.serverLocalHost + '?modeTest=1' };","            local.browserTest(options, onError);","        };","","        // run test-server","        local.testRunServer(local);","        break;","    }","}());",""],"l":{"12":2,"14":2,"19":2,"21":2,"23":2,"24":2,"25":2,"30":1,"37":2,"40":2,"43":1,"47":1,"50":1,"52":1,"55":2,"61":2,"62":2,"64":2,"70":1,"76":1,"82":2,"83":2,"85":2,"91":1,"98":1,"102":1,"105":1,"112":1,"119":1,"120":1,"123":1,"130":1,"131":1,"132":1,"133":1,"134":1,"135":1,"138":1,"143":2,"144":2,"147":1,"154":2,"155":2,"158":1,"165":2,"166":2,"169":1,"176":2,"177":2,"180":1,"187":1,"188":1,"192":1,"193":1}},"/home/travis/build/npmtest/node-npmtest-node-discover/lib.npmtest_node_discover.js":{"path":"/home/travis/build/npmtest/node-npmtest-node-discover/lib.npmtest_node_discover.js","s":{"1":2,"2":2,"3":2,"4":2,"5":2,"6":2,"7":2,"8":1,"9":2,"10":2,"11":2,"12":2,"13":1,"14":1,"15":1,"16":1},"b":{"1":[2,1,1,1],"2":[1,1,1,1],"3":[1,1],"4":[2,2],"5":[1,1]},"f":{"1":2,"2":2,"3":2},"fnMap":{"1":{"name":"(anonymous_1)","line":12,"loc":{"start":{"line":12,"column":1},"end":{"line":12,"column":13}}},"2":{"name":"(anonymous_2)","line":19,"loc":{"start":{"line":19,"column":5},"end":{"line":19,"column":17}}},"3":{"name":"(anonymous_3)","line":23,"loc":{"start":{"line":23,"column":24},"end":{"line":23,"column":36}}}},"statementMap":{"1":{"start":{"line":12,"column":0},"end":{"line":53,"column":5}},"2":{"start":{"line":14,"column":4},"end":{"line":14,"column":14}},"3":{"start":{"line":19,"column":4},"end":{"line":52,"column":9}},"4":{"start":{"line":21,"column":8},"end":{"line":21,"column":19}},"5":{"start":{"line":23,"column":8},"end":{"line":35,"column":13}},"6":{"start":{"line":24,"column":12},"end":{"line":34,"column":13}},"7":{"start":{"line":25,"column":16},"end":{"line":28,"column":30}},"8":{"start":{"line":30,"column":16},"end":{"line":33,"column":27}},"9":{"start":{"line":37,"column":8},"end":{"line":39,"column":21}},"10":{"start":{"line":41,"column":8},"end":{"line":41,"column":54}},"11":{"start":{"line":43,"column":8},"end":{"line":43,"column":58}},"12":{"start":{"line":45,"column":8},"end":{"line":51,"column":9}},"13":{"start":{"line":46,"column":12},"end":{"line":46,"column":64}},"14":{"start":{"line":48,"column":12},"end":{"line":48,"column":35}},"15":{"start":{"line":49,"column":12},"end":{"line":49,"column":49}},"16":{"start":{"line":50,"column":12},"end":{"line":50,"column":43}}},"branchMap":{"1":{"line":25,"type":"binary-expr","locations":[{"start":{"line":25,"column":23},"end":{"line":25,"column":62}},{"start":{"line":26,"column":20},"end":{"line":26,"column":70}},{"start":{"line":27,"column":20},"end":{"line":27,"column":71}},{"start":{"line":28,"column":20},"end":{"line":28,"column":29}}]},"2":{"line":30,"type":"binary-expr","locations":[{"start":{"line":30,"column":23},"end":{"line":30,"column":37}},{"start":{"line":31,"column":20},"end":{"line":31,"column":61}},{"start":{"line":32,"column":20},"end":{"line":32,"column":70}},{"start":{"line":33,"column":20},"end":{"line":33,"column":26}}]},"3":{"line":37,"type":"cond-expr","locations":[{"start":{"line":38,"column":14},"end":{"line":38,"column":20}},{"start":{"line":39,"column":14},"end":{"line":39,"column":20}}]},"4":{"line":41,"type":"binary-expr","locations":[{"start":{"line":41,"column":16},"end":{"line":41,"column":44}},{"start":{"line":41,"column":48},"end":{"line":41,"column":53}}]},"5":{"line":45,"type":"if","locations":[{"start":{"line":45,"column":8},"end":{"line":45,"column":8}},{"start":{"line":45,"column":8},"end":{"line":45,"column":8}}]}},"code":["/* istanbul instrument in package npmtest_node_discover */","/*jslint","    bitwise: true,","    browser: true,","    maxerr: 8,","    maxlen: 96,","    node: true,","    nomen: true,","    regexp: true,","    stupid: true","*/","(function () {","    'use strict';","    var local;","","","","    // run shared js-env code - pre-init","    (function () {","        // init local","        local = {};","        // init modeJs","        local.modeJs = (function () {","            try {","                return typeof navigator.userAgent === 'string' &&","                    typeof document.querySelector('body') === 'object' &&","                    typeof XMLHttpRequest.prototype.open === 'function' &&","                    'browser';","            } catch (errorCaughtBrowser) {","                return module.exports &&","                    typeof process.versions.node === 'string' &&","                    typeof require('http').createServer === 'function' &&","                    'node';","            }","        }());","        // init global","        local.global = local.modeJs === 'browser'","            ? window","            : global;","        // init utility2_rollup","        local = local.global.utility2_rollup || local;","        // init lib","        local.local = local.npmtest_node_discover = local;","        // init exports","        if (local.modeJs === 'browser') {","            local.global.utility2_npmtest_node_discover = local;","        } else {","            module.exports = local;","            module.exports.__dirname = __dirname;","            module.exports.module = module;","        }","    }());","}());",""],"l":{"12":2,"14":2,"19":2,"21":2,"23":2,"24":2,"25":2,"30":1,"37":2,"41":2,"43":2,"45":2,"46":1,"48":1,"49":1,"50":1}},"/home/travis/build/npmtest/node-npmtest-node-discover/example.js":{"path":"/home/travis/build/npmtest/node-npmtest-node-discover/example.js","s":{"1":2,"2":2,"3":2,"4":2,"5":2,"6":2,"7":2,"8":1,"9":2,"10":2,"11":2,"12":2,"13":1,"14":2,"15":2,"16":2,"17":2,"18":2,"19":0,"20":2,"21":1,"22":1,"23":1,"24":1,"25":1,"26":0,"27":0,"28":1,"29":1,"30":2,"31":0,"32":0,"33":0,"34":1,"35":2,"36":2,"37":3,"38":3,"39":3,"40":3,"41":0,"42":3,"43":3,"44":3,"45":1,"46":3,"47":1,"48":1,"49":1,"50":1,"51":1,"52":1,"53":1,"54":1,"55":1,"56":1,"57":0,"58":1,"59":6,"60":6,"61":1,"62":2,"63":0,"64":2,"65":1,"66":1,"67":0,"68":0,"69":0,"70":0,"71":0,"72":0,"73":0,"74":0,"75":0,"76":0,"77":0,"78":0,"79":0,"80":0,"81":0,"82":0,"83":0},"b":{"1":[2,1,1,1],"2":[1,1,1,1],"3":[1,1],"4":[2,2],"5":[1,1],"6":[1,1],"7":[2,0],"8":[2,1,1,1,1,1],"9":[0,2,0],"10":[1,1],"11":[2,1,1],"12":[1,0],"13":[0,2],"14":[2,0,0,0,0,0,0],"15":[0,3],"16":[3,0],"17":[1,1],"18":[0,1],"19":[1,2,0,2],"20":[1,0],"21":[1,1],"22":[0,0],"23":[0,0],"24":[0,0],"25":[0,0],"26":[0,0],"27":[0,0],"28":[0,0]},"f":{"1":2,"2":2,"3":2,"4":2,"5":2,"6":2,"7":3,"8":3,"9":3,"10":1,"11":6,"12":0},"fnMap":{"1":{"name":"(anonymous_1)","line":26,"loc":{"start":{"line":26,"column":1},"end":{"line":26,"column":13}}},"2":{"name":"(anonymous_2)","line":33,"loc":{"start":{"line":33,"column":5},"end":{"line":33,"column":17}}},"3":{"name":"(anonymous_3)","line":37,"loc":{"start":{"line":37,"column":24},"end":{"line":37,"column":36}}},"4":{"name":"(anonymous_4)","line":69,"loc":{"start":{"line":69,"column":31},"end":{"line":69,"column":48}},"skip":true},"5":{"name":"(anonymous_5)","line":78,"loc":{"start":{"line":78,"column":26},"end":{"line":78,"column":45}},"skip":true},"6":{"name":"(anonymous_6)","line":123,"loc":{"start":{"line":123,"column":33},"end":{"line":123,"column":48}},"skip":true},"7":{"name":"(anonymous_7)","line":125,"loc":{"start":{"line":125,"column":27},"end":{"line":125,"column":39}},"skip":true},"8":{"name":"(anonymous_8)","line":133,"loc":{"start":{"line":133,"column":59},"end":{"line":133,"column":74}},"skip":true},"9":{"name":"(anonymous_9)","line":143,"loc":{"start":{"line":143,"column":45},"end":{"line":143,"column":62}},"skip":true},"10":{"name":"(anonymous_10)","line":144,"loc":{"start":{"line":144,"column":73},"end":{"line":144,"column":92}},"skip":true},"11":{"name":"(anonymous_11)","line":272,"loc":{"start":{"line":272,"column":51},"end":{"line":272,"column":77}},"skip":true},"12":{"name":"(anonymous_12)","line":315,"loc":{"start":{"line":315,"column":32},"end":{"line":315,"column":61}},"skip":true}},"statementMap":{"1":{"start":{"line":26,"column":0},"end":{"line":326,"column":5}},"2":{"start":{"line":28,"column":4},"end":{"line":28,"column":14}},"3":{"start":{"line":33,"column":4},"end":{"line":60,"column":9}},"4":{"start":{"line":35,"column":8},"end":{"line":35,"column":19}},"5":{"start":{"line":37,"column":8},"end":{"line":49,"column":13}},"6":{"start":{"line":38,"column":12},"end":{"line":48,"column":13}},"7":{"start":{"line":39,"column":16},"end":{"line":42,"column":30}},"8":{"start":{"line":44,"column":16},"end":{"line":47,"column":27}},"9":{"start":{"line":51,"column":8},"end":{"line":53,"column":21}},"10":{"start":{"line":55,"column":8},"end":{"line":57,"column":45}},"11":{"start":{"line":59,"column":8},"end":{"line":59,"column":35}},"12":{"start":{"line":61,"column":4},"end":{"line":325,"column":5}},"13":{"start":{"line":69,"column":8},"end":{"line":121,"column":10},"skip":true},"14":{"start":{"line":70,"column":12},"end":{"line":88,"column":13},"skip":true},"15":{"start":{"line":76,"column":16},"end":{"line":87,"column":19},"skip":true},"16":{"start":{"line":79,"column":20},"end":{"line":86,"column":21},"skip":true},"17":{"start":{"line":82,"column":24},"end":{"line":82,"column":43},"skip":true},"18":{"start":{"line":83,"column":24},"end":{"line":83,"column":30},"skip":true},"19":{"start":{"line":85,"column":24},"end":{"line":85,"column":49},"skip":true},"20":{"start":{"line":89,"column":12},"end":{"line":107,"column":13},"skip":true},"21":{"start":{"line":92,"column":16},"end":{"line":102,"column":17},"skip":true},"22":{"start":{"line":93,"column":20},"end":{"line":93,"column":86},"skip":true},"23":{"start":{"line":94,"column":20},"end":{"line":95,"column":45},"skip":true},"24":{"start":{"line":96,"column":20},"end":{"line":96,"column":42},"skip":true},"25":{"start":{"line":97,"column":20},"end":{"line":97,"column":48},"skip":true},"26":{"start":{"line":100,"column":20},"end":{"line":100,"column":85},"skip":true},"27":{"start":{"line":101,"column":20},"end":{"line":101,"column":96},"skip":true},"28":{"start":{"line":103,"column":16},"end":{"line":103,"column":22},"skip":true},"29":{"start":{"line":106,"column":16},"end":{"line":106,"column":22},"skip":true},"30":{"start":{"line":108,"column":12},"end":{"line":120,"column":13},"skip":true},"31":{"start":{"line":114,"column":16},"end":{"line":119,"column":17},"skip":true},"32":{"start":{"line":116,"column":20},"end":{"line":116,"column":78},"skip":true},"33":{"start":{"line":118,"column":20},"end":{"line":118,"column":47},"skip":true},"34":{"start":{"line":123,"column":8},"end":{"line":141,"column":11},"skip":true},"35":{"start":{"line":124,"column":12},"end":{"line":124,"column":54},"skip":true},"36":{"start":{"line":125,"column":12},"end":{"line":140,"column":14},"skip":true},"37":{"start":{"line":126,"column":16},"end":{"line":126,"column":28},"skip":true},"38":{"start":{"line":127,"column":16},"end":{"line":127,"column":69},"skip":true},"39":{"start":{"line":128,"column":16},"end":{"line":128,"column":75},"skip":true},"40":{"start":{"line":129,"column":16},"end":{"line":131,"column":17},"skip":true},"41":{"start":{"line":130,"column":20},"end":{"line":130,"column":27},"skip":true},"42":{"start":{"line":133,"column":16},"end":{"line":137,"column":36},"skip":true},"43":{"start":{"line":134,"column":20},"end":{"line":136,"column":55},"skip":true},"44":{"start":{"line":139,"column":16},"end":{"line":139,"column":57},"skip":true},"45":{"start":{"line":143,"column":8},"end":{"line":147,"column":11},"skip":true},"46":{"start":{"line":144,"column":12},"end":{"line":146,"column":15},"skip":true},"47":{"start":{"line":145,"column":16},"end":{"line":145,"column":70},"skip":true},"48":{"start":{"line":149,"column":8},"end":{"line":149,"column":31},"skip":true},"49":{"start":{"line":150,"column":8},"end":{"line":150,"column":14},"skip":true},"50":{"start":{"line":158,"column":8},"end":{"line":158,"column":31},"skip":true},"51":{"start":{"line":160,"column":8},"end":{"line":160,"column":33},"skip":true},"52":{"start":{"line":161,"column":8},"end":{"line":161,"column":37},"skip":true},"53":{"start":{"line":162,"column":8},"end":{"line":162,"column":35},"skip":true},"54":{"start":{"line":164,"column":8},"end":{"line":164,"column":50},"skip":true},"55":{"start":{"line":166,"column":8},"end":{"line":256,"column":2},"skip":true},"56":{"start":{"line":258,"column":8},"end":{"line":286,"column":9},"skip":true},"57":{"start":{"line":259,"column":12},"end":{"line":269,"column":14},"skip":true},"58":{"start":{"line":271,"column":12},"end":{"line":285,"column":19},"skip":true},"59":{"start":{"line":274,"column":20},"end":{"line":274,"column":35},"skip":true},"60":{"start":{"line":275,"column":20},"end":{"line":284,"column":21},"skip":true},"61":{"start":{"line":277,"column":24},"end":{"line":277,"column":64},"skip":true},"62":{"start":{"line":279,"column":24},"end":{"line":279,"column":40},"skip":true},"63":{"start":{"line":281,"column":24},"end":{"line":281,"column":40},"skip":true},"64":{"start":{"line":283,"column":24},"end":{"line":283,"column":39},"skip":true},"65":{"start":{"line":288,"column":8},"end":{"line":290,"column":9},"skip":true},"66":{"start":{"line":289,"column":12},"end":{"line":289,"column":18},"skip":true},"67":{"start":{"line":291,"column":8},"end":{"line":293,"column":54},"skip":true},"68":{"start":{"line":296,"column":8},"end":{"line":301,"column":37},"skip":true},"69":{"start":{"line":303,"column":8},"end":{"line":303,"column":82},"skip":true},"70":{"start":{"line":306,"column":8},"end":{"line":308,"column":9},"skip":true},"71":{"start":{"line":307,"column":12},"end":{"line":307,"column":82},"skip":true},"72":{"start":{"line":310,"column":8},"end":{"line":312,"column":9},"skip":true},"73":{"start":{"line":311,"column":12},"end":{"line":311,"column":18},"skip":true},"74":{"start":{"line":313,"column":8},"end":{"line":313,"column":54},"skip":true},"75":{"start":{"line":314,"column":8},"end":{"line":314,"column":69},"skip":true},"76":{"start":{"line":315,"column":8},"end":{"line":323,"column":36},"skip":true},"77":{"start":{"line":316,"column":12},"end":{"line":316,"column":61},"skip":true},"78":{"start":{"line":317,"column":12},"end":{"line":320,"column":13},"skip":true},"79":{"start":{"line":318,"column":16},"end":{"line":318,"column":75},"skip":true},"80":{"start":{"line":319,"column":16},"end":{"line":319,"column":23},"skip":true},"81":{"start":{"line":321,"column":12},"end":{"line":321,"column":38},"skip":true},"82":{"start":{"line":322,"column":12},"end":{"line":322,"column":27},"skip":true},"83":{"start":{"line":324,"column":8},"end":{"line":324,"column":14},"skip":true}},"branchMap":{"1":{"line":39,"type":"binary-expr","locations":[{"start":{"line":39,"column":23},"end":{"line":39,"column":62}},{"start":{"line":40,"column":20},"end":{"line":40,"column":70}},{"start":{"line":41,"column":20},"end":{"line":41,"column":71}},{"start":{"line":42,"column":20},"end":{"line":42,"column":29}}]},"2":{"line":44,"type":"binary-expr","locations":[{"start":{"line":44,"column":23},"end":{"line":44,"column":37}},{"start":{"line":45,"column":20},"end":{"line":45,"column":61}},{"start":{"line":46,"column":20},"end":{"line":46,"column":70}},{"start":{"line":47,"column":20},"end":{"line":47,"column":26}}]},"3":{"line":51,"type":"cond-expr","locations":[{"start":{"line":52,"column":14},"end":{"line":52,"column":20}},{"start":{"line":53,"column":14},"end":{"line":53,"column":20}}]},"4":{"line":55,"type":"binary-expr","locations":[{"start":{"line":55,"column":16},"end":{"line":55,"column":44}},{"start":{"line":55,"column":49},"end":{"line":57,"column":43}}]},"5":{"line":55,"type":"cond-expr","locations":[{"start":{"line":56,"column":14},"end":{"line":56,"column":57}},{"start":{"line":57,"column":14},"end":{"line":57,"column":43}}]},"6":{"line":61,"type":"switch","locations":[{"start":{"line":68,"column":4},"end":{"line":150,"column":14},"skip":true},{"start":{"line":156,"column":4},"end":{"line":324,"column":14},"skip":true}]},"7":{"line":70,"type":"if","locations":[{"start":{"line":70,"column":12},"end":{"line":70,"column":12},"skip":true},{"start":{"line":70,"column":12},"end":{"line":70,"column":12},"skip":true}]},"8":{"line":70,"type":"binary-expr","locations":[{"start":{"line":70,"column":16},"end":{"line":70,"column":22},"skip":true},{"start":{"line":70,"column":27},"end":{"line":70,"column":32},"skip":true},{"start":{"line":71,"column":20},"end":{"line":71,"column":39},"skip":true},{"start":{"line":72,"column":20},"end":{"line":72,"column":49},"skip":true},{"start":{"line":73,"column":20},"end":{"line":73,"column":58},"skip":true},{"start":{"line":74,"column":20},"end":{"line":74,"column":69},"skip":true}]},"9":{"line":79,"type":"switch","locations":[{"start":{"line":80,"column":20},"end":{"line":80,"column":33},"skip":true},{"start":{"line":81,"column":20},"end":{"line":83,"column":30},"skip":true},{"start":{"line":84,"column":20},"end":{"line":85,"column":49},"skip":true}]},"10":{"line":89,"type":"switch","locations":[{"start":{"line":90,"column":12},"end":{"line":103,"column":22},"skip":true},{"start":{"line":105,"column":12},"end":{"line":106,"column":22},"skip":true}]},"11":{"line":89,"type":"binary-expr","locations":[{"start":{"line":89,"column":20},"end":{"line":89,"column":25},"skip":true},{"start":{"line":89,"column":29},"end":{"line":89,"column":48},"skip":true},{"start":{"line":89,"column":52},"end":{"line":89,"column":74},"skip":true}]},"12":{"line":92,"type":"if","locations":[{"start":{"line":92,"column":16},"end":{"line":92,"column":16},"skip":true},{"start":{"line":92,"column":16},"end":{"line":92,"column":16},"skip":true}]},"13":{"line":108,"type":"if","locations":[{"start":{"line":108,"column":12},"end":{"line":108,"column":12},"skip":true},{"start":{"line":108,"column":12},"end":{"line":108,"column":12},"skip":true}]},"14":{"line":108,"type":"binary-expr","locations":[{"start":{"line":108,"column":16},"end":{"line":108,"column":61},"skip":true},{"start":{"line":108,"column":66},"end":{"line":108,"column":72},"skip":true},{"start":{"line":108,"column":77},"end":{"line":108,"column":82},"skip":true},{"start":{"line":109,"column":20},"end":{"line":109,"column":39},"skip":true},{"start":{"line":110,"column":20},"end":{"line":110,"column":49},"skip":true},{"start":{"line":111,"column":20},"end":{"line":111,"column":58},"skip":true},{"start":{"line":112,"column":20},"end":{"line":112,"column":68},"skip":true}]},"15":{"line":129,"type":"if","locations":[{"start":{"line":129,"column":16},"end":{"line":129,"column":16},"skip":true},{"start":{"line":129,"column":16},"end":{"line":129,"column":16},"skip":true}]},"16":{"line":134,"type":"cond-expr","locations":[{"start":{"line":135,"column":26},"end":{"line":135,"column":29},"skip":true},{"start":{"line":136,"column":26},"end":{"line":136,"column":54},"skip":true}]},"17":{"line":164,"type":"binary-expr","locations":[{"start":{"line":164,"column":27},"end":{"line":164,"column":43},"skip":true},{"start":{"line":164,"column":47},"end":{"line":164,"column":49},"skip":true}]},"18":{"line":258,"type":"if","locations":[{"start":{"line":258,"column":8},"end":{"line":258,"column":8},"skip":true},{"start":{"line":258,"column":8},"end":{"line":258,"column":8},"skip":true}]},"19":{"line":275,"type":"switch","locations":[{"start":{"line":276,"column":20},"end":{"line":277,"column":64},"skip":true},{"start":{"line":278,"column":20},"end":{"line":279,"column":40},"skip":true},{"start":{"line":280,"column":20},"end":{"line":281,"column":40},"skip":true},{"start":{"line":282,"column":20},"end":{"line":283,"column":39},"skip":true}]},"20":{"line":288,"type":"if","locations":[{"start":{"line":288,"column":8},"end":{"line":288,"column":8},"skip":true},{"start":{"line":288,"column":8},"end":{"line":288,"column":8},"skip":true}]},"21":{"line":288,"type":"binary-expr","locations":[{"start":{"line":288,"column":12},"end":{"line":288,"column":40},"skip":true},{"start":{"line":288,"column":44},"end":{"line":288,"column":67},"skip":true}]},"22":{"line":292,"type":"binary-expr","locations":[{"start":{"line":292,"column":12},"end":{"line":292,"column":50},"skip":true},{"start":{"line":293,"column":12},"end":{"line":293,"column":53},"skip":true}]},"23":{"line":297,"type":"binary-expr","locations":[{"start":{"line":297,"column":12},"end":{"line":297,"column":71},"skip":true},{"start":{"line":298,"column":12},"end":{"line":301,"column":36},"skip":true}]},"24":{"line":303,"type":"binary-expr","locations":[{"start":{"line":303,"column":43},"end":{"line":303,"column":75},"skip":true},{"start":{"line":303,"column":79},"end":{"line":303,"column":81},"skip":true}]},"25":{"line":306,"type":"if","locations":[{"start":{"line":306,"column":8},"end":{"line":306,"column":8},"skip":true},{"start":{"line":306,"column":8},"end":{"line":306,"column":8},"skip":true}]},"26":{"line":310,"type":"if","locations":[{"start":{"line":310,"column":8},"end":{"line":310,"column":8},"skip":true},{"start":{"line":310,"column":8},"end":{"line":310,"column":8},"skip":true}]},"27":{"line":313,"type":"binary-expr","locations":[{"start":{"line":313,"column":27},"end":{"line":313,"column":43},"skip":true},{"start":{"line":313,"column":47},"end":{"line":313,"column":53},"skip":true}]},"28":{"line":317,"type":"if","locations":[{"start":{"line":317,"column":12},"end":{"line":317,"column":12},"skip":true},{"start":{"line":317,"column":12},"end":{"line":317,"column":12},"skip":true}]}},"code":["/*","example.js","","quickstart example","","instruction","    1. save this script as example.js","    2. run the shell command:","        $ npm install npmtest-node-discover && PORT=8081 node example.js","    3. play with the browser-demo on http://127.0.0.1:8081","*/","","","","/* istanbul instrument in package npmtest_node_discover */","/*jslint","    bitwise: true,","    browser: true,","    maxerr: 8,","    maxlen: 96,","    node: true,","    nomen: true,","    regexp: true,","    stupid: true","*/","(function () {","    'use strict';","    var local;","","","","    // run shared js-env code - pre-init","    (function () {","        // init local","        local = {};","        // init modeJs","        local.modeJs = (function () {","            try {","                return typeof navigator.userAgent === 'string' &&","                    typeof document.querySelector('body') === 'object' &&","                    typeof XMLHttpRequest.prototype.open === 'function' &&","                    'browser';","            } catch (errorCaughtBrowser) {","                return module.exports &&","                    typeof process.versions.node === 'string' &&","                    typeof require('http').createServer === 'function' &&","                    'node';","            }","        }());","        // init global","        local.global = local.modeJs === 'browser'","            ? window","            : global;","        // init utility2_rollup","        local = local.global.utility2_rollup || (local.modeJs === 'browser'","            ? local.global.utility2_npmtest_node_discover","            : global.utility2_moduleExports);","        // export local","        local.global.local = local;","    }());","    switch (local.modeJs) {","","","","    // post-init","    // run browser js-env code - post-init","    /* istanbul ignore next */","    case 'browser':","        local.testRunBrowser = function (event) {","            if (!event || (event &&","                    event.currentTarget &&","                    event.currentTarget.className &&","                    event.currentTarget.className.includes &&","                    event.currentTarget.className.includes('onreset'))) {","                // reset output","                Array.from(","                    document.querySelectorAll('body > .resettable')","                ).forEach(function (element) {","                    switch (element.tagName) {","                    case 'INPUT':","                    case 'TEXTAREA':","                        element.value = '';","                        break;","                    default:","                        element.textContent = '';","                    }","                });","            }","            switch (event && event.currentTarget && event.currentTarget.id) {","            case 'testRunButton1':","                // show tests","                if (document.querySelector('#testReportDiv1').style.display === 'none') {","                    document.querySelector('#testReportDiv1').style.display = 'block';","                    document.querySelector('#testRunButton1').textContent =","                        'hide internal test';","                    local.modeTest = true;","                    local.testRunDefault(local);","                // hide tests","                } else {","                    document.querySelector('#testReportDiv1').style.display = 'none';","                    document.querySelector('#testRunButton1').textContent = 'run internal test';","                }","                break;","            // custom-case","            default:","                break;","            }","            if (document.querySelector('#inputTextareaEval1') && (!event || (event &&","                    event.currentTarget &&","                    event.currentTarget.className &&","                    event.currentTarget.className.includes &&","                    event.currentTarget.className.includes('oneval')))) {","                // try to eval input-code","                try {","                    /*jslint evil: true*/","                    eval(document.querySelector('#inputTextareaEval1').value);","                } catch (errorCaught) {","                    console.error(errorCaught);","                }","            }","        };","        // log stderr and stdout to #outputTextareaStdout1","        ['error', 'log'].forEach(function (key) {","            console[key + '_original'] = console[key];","            console[key] = function () {","                var element;","                console[key + '_original'].apply(console, arguments);","                element = document.querySelector('#outputTextareaStdout1');","                if (!element) {","                    return;","                }","                // append text to #outputTextareaStdout1","                element.value += Array.from(arguments).map(function (arg) {","                    return typeof arg === 'string'","                        ? arg","                        : JSON.stringify(arg, null, 4);","                }).join(' ') + '\\n';","                // scroll textarea to bottom","                element.scrollTop = element.scrollHeight;","            };","        });","        // init event-handling","        ['change', 'click', 'keyup'].forEach(function (event) {","            Array.from(document.querySelectorAll('.on' + event)).forEach(function (element) {","                element.addEventListener(event, local.testRunBrowser);","            });","        });","        // run tests","        local.testRunBrowser();","        break;","","","","    // run node js-env code - post-init","    /* istanbul ignore next */","    case 'node':","        // export local","        module.exports = local;","        // require modules","        local.fs = require('fs');","        local.http = require('http');","        local.url = require('url');","        // init assets","        local.assetsDict = local.assetsDict || {};","        /* jslint-ignore-begin */","        local.assetsDict['/assets.index.template.html'] = '\\","<!doctype html>\\n\\","<html lang=\"en\">\\n\\","<head>\\n\\","<meta charset=\"UTF-8\">\\n\\","<meta name=\"viewport\" content=\"width=device-width, initial-scale=1\">\\n\\","<title>{{env.npm_package_name}} (v{{env.npm_package_version}})</title>\\n\\","<style>\\n\\","/*csslint\\n\\","    box-sizing: false,\\n\\","    universal-selector: false\\n\\","*/\\n\\","* {\\n\\","    box-sizing: border-box;\\n\\","}\\n\\","body {\\n\\","    background: #dde;\\n\\","    font-family: Arial, Helvetica, sans-serif;\\n\\","    margin: 2rem;\\n\\","}\\n\\","body > * {\\n\\","    margin-bottom: 1rem;\\n\\","}\\n\\",".utility2FooterDiv {\\n\\","    margin-top: 20px;\\n\\","    text-align: center;\\n\\","}\\n\\","</style>\\n\\","<style>\\n\\","/*csslint\\n\\","*/\\n\\","textarea {\\n\\","    font-family: monospace;\\n\\","    height: 10rem;\\n\\","    width: 100%;\\n\\","}\\n\\","textarea[readonly] {\\n\\","    background: #ddd;\\n\\","}\\n\\","</style>\\n\\","</head>\\n\\","<body>\\n\\","<!-- utility2-comment\\n\\","<div id=\"ajaxProgressDiv1\" style=\"background: #d00; height: 2px; left: 0; margin: 0; padding: 0; position: fixed; top: 0; transition: background 0.5s, width 1.5s; width: 25%;\"></div>\\n\\","utility2-comment -->\\n\\","<h1>\\n\\","<!-- utility2-comment\\n\\","    <a\\n\\","        {{#if env.npm_package_homepage}}\\n\\","        href=\"{{env.npm_package_homepage}}\"\\n\\","        {{/if env.npm_package_homepage}}\\n\\","        target=\"_blank\"\\n\\","    >\\n\\","utility2-comment -->\\n\\","        {{env.npm_package_name}} (v{{env.npm_package_version}})\\n\\","<!-- utility2-comment\\n\\","    </a>\\n\\","utility2-comment -->\\n\\","</h1>\\n\\","<h3>{{env.npm_package_description}}</h3>\\n\\","<!-- utility2-comment\\n\\","<h4><a download href=\"assets.app.js\">download standalone app</a></h4>\\n\\","<button class=\"onclick onreset\" id=\"testRunButton1\">run internal test</button><br>\\n\\","<div id=\"testReportDiv1\" style=\"display: none;\"></div>\\n\\","utility2-comment -->\\n\\","\\n\\","\\n\\","\\n\\","<label>stderr and stdout</label>\\n\\","<textarea class=\"resettable\" id=\"outputTextareaStdout1\" readonly></textarea>\\n\\","<!-- utility2-comment\\n\\","{{#if isRollup}}\\n\\","<script src=\"assets.app.js\"></script>\\n\\","{{#unless isRollup}}\\n\\","utility2-comment -->\\n\\","<script src=\"assets.utility2.rollup.js\"></script>\\n\\","<script src=\"jsonp.utility2._stateInit?callback=window.utility2._stateInit\"></script>\\n\\","<script src=\"assets.npmtest_node_discover.rollup.js\"></script>\\n\\","<script src=\"assets.example.js\"></script>\\n\\","<script src=\"assets.test.js\"></script>\\n\\","<!-- utility2-comment\\n\\","{{/if isRollup}}\\n\\","utility2-comment -->\\n\\","<div class=\"utility2FooterDiv\">\\n\\","    [ this app was created with\\n\\","    <a href=\"https://github.com/kaizhu256/node-utility2\" target=\"_blank\">utility2</a>\\n\\","    ]\\n\\","</div>\\n\\","</body>\\n\\","</html>\\n\\","';","        /* jslint-ignore-end */","        if (local.templateRender) {","            local.assetsDict['/'] = local.templateRender(","                local.assetsDict['/assets.index.template.html'],","                {","                    env: local.objectSetDefault(local.env, {","                        npm_package_description: 'the greatest app in the world!',","                        npm_package_name: 'my-app',","                        npm_package_nameAlias: 'my_app',","                        npm_package_version: '0.0.1'","                    })","                }","            );","        } else {","            local.assetsDict['/'] = local.assetsDict['/assets.index.template.html']","                .replace((/\\{\\{env\\.(\\w+?)\\}\\}/g), function (match0, match1) {","                    // jslint-hack","                    String(match0);","                    switch (match1) {","                    case 'npm_package_description':","                        return 'the greatest app in the world!';","                    case 'npm_package_name':","                        return 'my-app';","                    case 'npm_package_nameAlias':","                        return 'my_app';","                    case 'npm_package_version':","                        return '0.0.1';","                    }","                });","        }","        // run the cli","        if (local.global.utility2_rollup || module !== require.main) {","            break;","        }","        local.assetsDict['/assets.example.js'] =","            local.assetsDict['/assets.example.js'] ||","            local.fs.readFileSync(__filename, 'utf8');","        // bug-workaround - long $npm_package_buildCustomOrg","        /* jslint-ignore-begin */","        local.assetsDict['/assets.npmtest_node_discover.rollup.js'] =","            local.assetsDict['/assets.npmtest_node_discover.rollup.js'] ||","            local.fs.readFileSync(","                local.npmtest_node_discover.__dirname + '/lib.npmtest_node_discover.js',","                'utf8'","            ).replace((/^#!/), '//');","        /* jslint-ignore-end */","        local.assetsDict['/favicon.ico'] = local.assetsDict['/favicon.ico'] || '';","        // if $npm_config_timeout_exit exists,","        // then exit this process after $npm_config_timeout_exit ms","        if (Number(process.env.npm_config_timeout_exit)) {","            setTimeout(process.exit, Number(process.env.npm_config_timeout_exit));","        }","        // start server","        if (local.global.utility2_serverHttp1) {","            break;","        }","        process.env.PORT = process.env.PORT || '8081';","        console.error('server starting on port ' + process.env.PORT);","        local.http.createServer(function (request, response) {","            request.urlParsed = local.url.parse(request.url);","            if (local.assetsDict[request.urlParsed.pathname] !== undefined) {","                response.end(local.assetsDict[request.urlParsed.pathname]);","                return;","            }","            response.statusCode = 404;","            response.end();","        }).listen(process.env.PORT);","        break;","    }","}());",""],"l":{"26":2,"28":2,"33":2,"35":2,"37":2,"38":2,"39":2,"44":1,"51":2,"55":2,"59":2,"61":2,"69":1,"70":2,"76":2,"79":2,"82":2,"83":2,"85":1,"89":2,"92":1,"93":1,"94":1,"96":1,"97":1,"100":1,"101":1,"103":1,"106":1,"108":2,"114":1,"116":1,"118":1,"123":1,"124":2,"125":2,"126":3,"127":3,"128":3,"129":3,"130":1,"133":3,"134":3,"139":3,"143":1,"144":3,"145":1,"149":1,"150":1,"158":1,"160":1,"161":1,"162":1,"164":1,"166":1,"258":1,"259":1,"271":1,"274":6,"275":6,"277":1,"279":2,"281":1,"283":2,"288":1,"289":1,"291":1,"296":1,"303":1,"306":1,"307":1,"310":1,"311":1,"313":1,"314":1,"315":1,"316":1,"317":1,"318":1,"319":1,"321":1,"322":1,"324":1}},"/home/travis/build/npmtest/node-npmtest-node-discover/node_modules/node-discover/index.js":{"path":"/home/travis/build/npmtest/node-npmtest-node-discover/node_modules/node-discover/index.js","s":{"1":1},"b":{},"f":{},"fnMap":{},"statementMap":{"1":{"start":{"line":1,"column":0},"end":{"line":1,"column":46}}},"branchMap":{},"code":["module.exports = require('./lib/discover.js');",""],"l":{"1":1}},"/home/travis/build/npmtest/node-npmtest-node-discover/node_modules/node-discover/lib/discover.js":{"path":"/home/travis/build/npmtest/node-npmtest-node-discover/node_modules/node-discover/lib/discover.js","s":{"1":1,"2":1,"3":1,"4":1,"5":0,"6":1,"7":0,"8":0,"9":0,"10":0,"11":0,"12":0,"13":0,"14":0,"15":0,"16":0,"17":0,"18":0,"19":0,"20":0,"21":0,"22":0,"23":0,"24":0,"25":0,"26":0,"27":0,"28":0,"29":0,"30":0,"31":0,"32":0,"33":0,"34":0,"35":0,"36":0,"37":0,"38":0,"39":0,"40":0,"41":0,"42":0,"43":0,"44":0,"45":0,"46":0,"47":0,"48":0,"49":0,"50":0,"51":0,"52":0,"53":0,"54":0,"55":0,"56":0,"57":0,"58":0,"59":0,"60":0,"61":0,"62":0,"63":0,"64":0,"65":0,"66":0,"67":0,"68":0,"69":0,"70":0,"71":0,"72":0,"73":0,"74":0,"75":0,"76":0,"77":0,"78":0,"79":0,"80":0,"81":0,"82":0,"83":0,"84":0,"85":0,"86":0,"87":0,"88":0,"89":0,"90":0,"91":0,"92":0,"93":0,"94":0,"95":1,"96":0,"97":0,"98":0,"99":1,"100":0,"101":0,"102":0,"103":1,"104":1,"105":0,"106":0,"107":0,"108":0,"109":0,"110":1,"111":0,"112":0,"113":0,"114":0,"115":0,"116":1,"117":0,"118":0,"119":0,"120":1,"121":0,"122":0,"123":1,"124":0,"125":0,"126":0,"127":1,"128":0,"129":0,"130":0,"131":0,"132":0,"133":0,"134":0,"135":0,"136":0,"137":0,"138":0,"139":1,"140":0,"141":0,"142":0,"143":0,"144":1,"145":0,"146":0,"147":0,"148":0,"149":0},"b":{"1":[0,0],"2":[0,0],"3":[0,0],"4":[0,0],"5":[0,0],"6":[0,0],"7":[0,0],"8":[0,0],"9":[0,0],"10":[0,0],"11":[0,0],"12":[0,0],"13":[0,0],"14":[0,0],"15":[0,0],"16":[0,0],"17":[0,0,0],"18":[0,0,0],"19":[0,0],"20":[0,0],"21":[0,0],"22":[0,0],"23":[0,0],"24":[0,0],"25":[0,0],"26":[0,0],"27":[0,0],"28":[0,0],"29":[0,0],"30":[0,0],"31":[0,0],"32":[0,0],"33":[0,0],"34":[0,0],"35":[0,0],"36":[0,0],"37":[0,0],"38":[0,0],"39":[0,0],"40":[0,0,0,0],"41":[0,0],"42":[0,0,0,0],"43":[0,0],"44":[0,0],"45":[0,0],"46":[0,0],"47":[0,0],"48":[0,0],"49":[0,0],"50":[0,0],"51":[0,0],"52":[0,0],"53":[0,0],"54":[0,0],"55":[0,0]},"f":{"1":0,"2":0,"3":0,"4":0,"5":0,"6":0,"7":0,"8":0,"9":0,"10":0,"11":0,"12":0,"13":0,"14":0,"15":0,"16":0,"17":0,"18":0,"19":0,"20":0,"21":0},"fnMap":{"1":{"name":"(anonymous_1)","line":57,"loc":{"start":{"line":57,"column":18},"end":{"line":57,"column":30}}},"2":{"name":"Discover","line":62,"loc":{"start":{"line":62,"column":0},"end":{"line":62,"column":38}}},"3":{"name":"(anonymous_3)","line":147,"loc":{"start":{"line":147,"column":22},"end":{"line":147,"column":50}}},"4":{"name":"(anonymous_4)","line":167,"loc":{"start":{"line":167,"column":43},"end":{"line":167,"column":58}}},"5":{"name":"(anonymous_5)","line":204,"loc":{"start":{"line":204,"column":28},"end":{"line":204,"column":45}}},"6":{"name":"(anonymous_6)","line":208,"loc":{"start":{"line":208,"column":14},"end":{"line":208,"column":26}}},"7":{"name":"(anonymous_7)","line":245,"loc":{"start":{"line":245,"column":14},"end":{"line":245,"column":34}}},"8":{"name":"(anonymous_8)","line":252,"loc":{"start":{"line":252,"column":23},"end":{"line":252,"column":38}}},"9":{"name":"(anonymous_9)","line":263,"loc":{"start":{"line":263,"column":26},"end":{"line":263,"column":38}}},"10":{"name":"(anonymous_10)","line":272,"loc":{"start":{"line":272,"column":13},"end":{"line":272,"column":25}}},"11":{"name":"helloInterval","line":287,"loc":{"start":{"line":287,"column":1},"end":{"line":287,"column":27}}},"12":{"name":"checkInterval","line":295,"loc":{"start":{"line":295,"column":1},"end":{"line":295,"column":27}}},"13":{"name":"(anonymous_13)","line":306,"loc":{"start":{"line":306,"column":29},"end":{"line":306,"column":41}}},"14":{"name":"(anonymous_14)","line":315,"loc":{"start":{"line":315,"column":28},"end":{"line":315,"column":49}}},"15":{"name":"(anonymous_15)","line":324,"loc":{"start":{"line":324,"column":27},"end":{"line":324,"column":39}}},"16":{"name":"(anonymous_16)","line":331,"loc":{"start":{"line":331,"column":31},"end":{"line":331,"column":46}}},"17":{"name":"(anonymous_17)","line":337,"loc":{"start":{"line":337,"column":30},"end":{"line":337,"column":44}}},"18":{"name":"(anonymous_18)","line":345,"loc":{"start":{"line":345,"column":26},"end":{"line":345,"column":49}}},"19":{"name":"(anonymous_19)","line":360,"loc":{"start":{"line":360,"column":28},"end":{"line":360,"column":56}}},"20":{"name":"(anonymous_20)","line":369,"loc":{"start":{"line":369,"column":27},"end":{"line":369,"column":46}}},"21":{"name":"(anonymous_21)","line":379,"loc":{"start":{"line":379,"column":26},"end":{"line":379,"column":50}}}},"statementMap":{"1":{"start":{"line":33,"column":0},"end":{"line":35,"column":24}},"2":{"start":{"line":37,"column":0},"end":{"line":37,"column":86}},"3":{"start":{"line":39,"column":0},"end":{"line":39,"column":26}},"4":{"start":{"line":57,"column":0},"end":{"line":60,"column":2}},"5":{"start":{"line":59,"column":1},"end":{"line":59,"column":63}},"6":{"start":{"line":62,"column":0},"end":{"line":302,"column":1}},"7":{"start":{"line":63,"column":1},"end":{"line":65,"column":2}},"8":{"start":{"line":64,"column":2},"end":{"line":64,"column":41}},"9":{"start":{"line":67,"column":1},"end":{"line":67,"column":25}},"10":{"start":{"line":69,"column":1},"end":{"line":72,"column":2}},"11":{"start":{"line":70,"column":2},"end":{"line":70,"column":21}},"12":{"start":{"line":71,"column":2},"end":{"line":71,"column":17}},"13":{"start":{"line":74,"column":1},"end":{"line":74,"column":76}},"14":{"start":{"line":76,"column":1},"end":{"line":95,"column":3}},"15":{"start":{"line":99,"column":1},"end":{"line":102,"column":2}},"16":{"start":{"line":100,"column":2},"end":{"line":100,"column":33}},"17":{"start":{"line":101,"column":2},"end":{"line":101,"column":34}},"18":{"start":{"line":104,"column":1},"end":{"line":106,"column":2}},"19":{"start":{"line":105,"column":2},"end":{"line":105,"column":81}},"20":{"start":{"line":108,"column":1},"end":{"line":110,"column":2}},"21":{"start":{"line":109,"column":2},"end":{"line":109,"column":81}},"22":{"start":{"line":112,"column":1},"end":{"line":123,"column":4}},"23":{"start":{"line":126,"column":1},"end":{"line":132,"column":3}},"24":{"start":{"line":134,"column":1},"end":{"line":134,"column":17}},"25":{"start":{"line":135,"column":1},"end":{"line":135,"column":20}},"26":{"start":{"line":147,"column":1},"end":{"line":200,"column":3}},"27":{"start":{"line":149,"column":2},"end":{"line":151,"column":3}},"28":{"start":{"line":150,"column":3},"end":{"line":150,"column":10}},"29":{"start":{"line":153,"column":2},"end":{"line":153,"column":30}},"30":{"start":{"line":154,"column":2},"end":{"line":154,"column":31}},"31":{"start":{"line":155,"column":2},"end":{"line":155,"column":31}},"32":{"start":{"line":156,"column":2},"end":{"line":156,"column":25}},"33":{"start":{"line":157,"column":2},"end":{"line":157,"column":20}},"34":{"start":{"line":158,"column":2},"end":{"line":158,"column":35}},"35":{"start":{"line":159,"column":2},"end":{"line":159,"column":23}},"36":{"start":{"line":161,"column":2},"end":{"line":163,"column":3}},"37":{"start":{"line":162,"column":3},"end":{"line":162,"column":46}},"38":{"start":{"line":165,"column":2},"end":{"line":165,"column":61}},"39":{"start":{"line":167,"column":2},"end":{"line":169,"column":5}},"40":{"start":{"line":168,"column":3},"end":{"line":168,"column":25}},"41":{"start":{"line":171,"column":2},"end":{"line":175,"column":3}},"42":{"start":{"line":174,"column":3},"end":{"line":174,"column":40}},"43":{"start":{"line":177,"column":2},"end":{"line":177,"column":35}},"44":{"start":{"line":179,"column":2},"end":{"line":199,"column":3}},"45":{"start":{"line":181,"column":3},"end":{"line":198,"column":4}},"46":{"start":{"line":186,"column":4},"end":{"line":186,"column":49}},"47":{"start":{"line":187,"column":4},"end":{"line":191,"column":5}},"48":{"start":{"line":188,"column":5},"end":{"line":190,"column":6}},"49":{"start":{"line":189,"column":6},"end":{"line":189,"column":20}},"50":{"start":{"line":193,"column":4},"end":{"line":195,"column":5}},"51":{"start":{"line":194,"column":5},"end":{"line":194,"column":19}},"52":{"start":{"line":197,"column":4},"end":{"line":197,"column":42}},"53":{"start":{"line":202,"column":1},"end":{"line":202,"column":48}},"54":{"start":{"line":204,"column":1},"end":{"line":206,"column":4}},"55":{"start":{"line":205,"column":2},"end":{"line":205,"column":28}},"56":{"start":{"line":208,"column":1},"end":{"line":243,"column":3}},"57":{"start":{"line":209,"column":2},"end":{"line":209,"column":72}},"58":{"start":{"line":211,"column":2},"end":{"line":211,"column":19}},"59":{"start":{"line":213,"column":2},"end":{"line":237,"column":3}},"60":{"start":{"line":214,"column":3},"end":{"line":214,"column":34}},"61":{"start":{"line":215,"column":3},"end":{"line":215,"column":19}},"62":{"start":{"line":217,"column":3},"end":{"line":232,"column":4}},"63":{"start":{"line":221,"column":4},"end":{"line":223,"column":5}},"64":{"start":{"line":222,"column":5},"end":{"line":222,"column":20}},"65":{"start":{"line":226,"column":4},"end":{"line":226,"column":34}},"66":{"start":{"line":227,"column":4},"end":{"line":227,"column":19}},"67":{"start":{"line":228,"column":4},"end":{"line":228,"column":31}},"68":{"start":{"line":230,"column":8},"end":{"line":232,"column":4}},"69":{"start":{"line":231,"column":4},"end":{"line":231,"column":19}},"70":{"start":{"line":234,"column":3},"end":{"line":236,"column":4}},"71":{"start":{"line":235,"column":4},"end":{"line":235,"column":29}},"72":{"start":{"line":239,"column":2},"end":{"line":242,"column":3}},"73":{"start":{"line":241,"column":3},"end":{"line":241,"column":18}},"74":{"start":{"line":245,"column":1},"end":{"line":270,"column":3}},"75":{"start":{"line":246,"column":2},"end":{"line":250,"column":3}},"76":{"start":{"line":247,"column":3},"end":{"line":247,"column":37}},"77":{"start":{"line":249,"column":3},"end":{"line":249,"column":16}},"78":{"start":{"line":252,"column":2},"end":{"line":269,"column":5}},"79":{"start":{"line":253,"column":3},"end":{"line":255,"column":4}},"80":{"start":{"line":254,"column":4},"end":{"line":254,"column":44}},"81":{"start":{"line":257,"column":3},"end":{"line":257,"column":18}},"82":{"start":{"line":259,"column":3},"end":{"line":259,"column":54}},"83":{"start":{"line":261,"column":3},"end":{"line":266,"column":4}},"84":{"start":{"line":263,"column":4},"end":{"line":265,"column":24}},"85":{"start":{"line":264,"column":5},"end":{"line":264,"column":18}},"86":{"start":{"line":268,"column":3},"end":{"line":268,"column":43}},"87":{"start":{"line":272,"column":1},"end":{"line":283,"column":3}},"88":{"start":{"line":273,"column":2},"end":{"line":275,"column":3}},"89":{"start":{"line":274,"column":3},"end":{"line":274,"column":16}},"90":{"start":{"line":277,"column":2},"end":{"line":277,"column":24}},"91":{"start":{"line":279,"column":2},"end":{"line":279,"column":25}},"92":{"start":{"line":280,"column":2},"end":{"line":280,"column":25}},"93":{"start":{"line":282,"column":2},"end":{"line":282,"column":18}},"94":{"start":{"line":285,"column":1},"end":{"line":285,"column":22}},"95":{"start":{"line":287,"column":1},"end":{"line":293,"column":2}},"96":{"start":{"line":288,"column":2},"end":{"line":290,"column":3}},"97":{"start":{"line":289,"column":3},"end":{"line":289,"column":44}},"98":{"start":{"line":292,"column":2},"end":{"line":292,"column":32}},"99":{"start":{"line":295,"column":1},"end":{"line":301,"column":2}},"100":{"start":{"line":296,"column":2},"end":{"line":298,"column":3}},"101":{"start":{"line":297,"column":3},"end":{"line":297,"column":44}},"102":{"start":{"line":300,"column":2},"end":{"line":300,"column":32}},"103":{"start":{"line":304,"column":0},"end":{"line":304,"column":38}},"104":{"start":{"line":306,"column":0},"end":{"line":313,"column":2}},"105":{"start":{"line":307,"column":1},"end":{"line":307,"column":17}},"106":{"start":{"line":309,"column":1},"end":{"line":309,"column":33}},"107":{"start":{"line":310,"column":1},"end":{"line":310,"column":25}},"108":{"start":{"line":311,"column":1},"end":{"line":311,"column":33}},"109":{"start":{"line":312,"column":1},"end":{"line":312,"column":14}},"110":{"start":{"line":315,"column":0},"end":{"line":322,"column":2}},"111":{"start":{"line":316,"column":1},"end":{"line":316,"column":17}},"112":{"start":{"line":318,"column":1},"end":{"line":318,"column":39}},"113":{"start":{"line":319,"column":1},"end":{"line":319,"column":26}},"114":{"start":{"line":320,"column":1},"end":{"line":320,"column":32}},"115":{"start":{"line":321,"column":1},"end":{"line":321,"column":14}},"116":{"start":{"line":324,"column":0},"end":{"line":329,"column":2}},"117":{"start":{"line":325,"column":1},"end":{"line":325,"column":17}},"118":{"start":{"line":327,"column":1},"end":{"line":327,"column":39}},"119":{"start":{"line":328,"column":1},"end":{"line":328,"column":27}},"120":{"start":{"line":331,"column":0},"end":{"line":335,"column":2}},"121":{"start":{"line":332,"column":1},"end":{"line":332,"column":17}},"122":{"start":{"line":334,"column":1},"end":{"line":334,"column":29}},"123":{"start":{"line":337,"column":0},"end":{"line":343,"column":2}},"124":{"start":{"line":338,"column":1},"end":{"line":338,"column":17}},"125":{"start":{"line":340,"column":1},"end":{"line":342,"column":2}},"126":{"start":{"line":341,"column":2},"end":{"line":341,"column":23}},"127":{"start":{"line":345,"column":0},"end":{"line":367,"column":2}},"128":{"start":{"line":346,"column":1},"end":{"line":346,"column":17}},"129":{"start":{"line":348,"column":1},"end":{"line":350,"column":2}},"130":{"start":{"line":349,"column":2},"end":{"line":349,"column":15}},"131":{"start":{"line":352,"column":1},"end":{"line":354,"column":2}},"132":{"start":{"line":353,"column":2},"end":{"line":353,"column":15}},"133":{"start":{"line":356,"column":1},"end":{"line":358,"column":2}},"134":{"start":{"line":357,"column":2},"end":{"line":357,"column":23}},"135":{"start":{"line":360,"column":1},"end":{"line":362,"column":4}},"136":{"start":{"line":361,"column":2},"end":{"line":361,"column":39}},"137":{"start":{"line":364,"column":1},"end":{"line":364,"column":29}},"138":{"start":{"line":366,"column":1},"end":{"line":366,"column":13}},"139":{"start":{"line":369,"column":0},"end":{"line":377,"column":2}},"140":{"start":{"line":370,"column":1},"end":{"line":370,"column":17}},"141":{"start":{"line":372,"column":1},"end":{"line":372,"column":44}},"142":{"start":{"line":374,"column":1},"end":{"line":374,"column":54}},"143":{"start":{"line":376,"column":1},"end":{"line":376,"column":13}},"144":{"start":{"line":379,"column":0},"end":{"line":389,"column":2}},"145":{"start":{"line":380,"column":1},"end":{"line":380,"column":17}},"146":{"start":{"line":382,"column":1},"end":{"line":384,"column":2}},"147":{"start":{"line":383,"column":2},"end":{"line":383,"column":15}},"148":{"start":{"line":386,"column":1},"end":{"line":386,"column":35}},"149":{"start":{"line":388,"column":1},"end":{"line":388,"column":13}}},"branchMap":{"1":{"line":63,"type":"if","locations":[{"start":{"line":63,"column":1},"end":{"line":63,"column":1}},{"start":{"line":63,"column":1},"end":{"line":63,"column":1}}]},"2":{"line":69,"type":"if","locations":[{"start":{"line":69,"column":1},"end":{"line":69,"column":1}},{"start":{"line":69,"column":1},"end":{"line":69,"column":1}}]},"3":{"line":74,"type":"binary-expr","locations":[{"start":{"line":74,"column":63},"end":{"line":74,"column":70}},{"start":{"line":74,"column":74},"end":{"line":74,"column":76}}]},"4":{"line":77,"type":"binary-expr","locations":[{"start":{"line":77,"column":18},"end":{"line":77,"column":39}},{"start":{"line":77,"column":44},"end":{"line":77,"column":48}}]},"5":{"line":78,"type":"binary-expr","locations":[{"start":{"line":78,"column":18},"end":{"line":78,"column":39}},{"start":{"line":78,"column":44},"end":{"line":78,"column":48}}]},"6":{"line":79,"type":"binary-expr","locations":[{"start":{"line":79,"column":17},"end":{"line":79,"column":36}},{"start":{"line":79,"column":41},"end":{"line":79,"column":45}}]},"7":{"line":80,"type":"binary-expr","locations":[{"start":{"line":80,"column":18},"end":{"line":80,"column":39}},{"start":{"line":80,"column":44},"end":{"line":80,"column":48}}]},"8":{"line":81,"type":"binary-expr","locations":[{"start":{"line":81,"column":14},"end":{"line":81,"column":29}},{"start":{"line":81,"column":35},"end":{"line":81,"column":44}}]},"9":{"line":82,"type":"binary-expr","locations":[{"start":{"line":82,"column":11},"end":{"line":82,"column":23}},{"start":{"line":82,"column":30},"end":{"line":82,"column":35}}]},"10":{"line":83,"type":"binary-expr","locations":[{"start":{"line":83,"column":15},"end":{"line":83,"column":32}},{"start":{"line":83,"column":38},"end":{"line":83,"column":42}}]},"11":{"line":84,"type":"binary-expr","locations":[{"start":{"line":84,"column":15},"end":{"line":84,"column":32}},{"start":{"line":84,"column":38},"end":{"line":84,"column":42}}]},"12":{"line":85,"type":"binary-expr","locations":[{"start":{"line":85,"column":18},"end":{"line":85,"column":38}},{"start":{"line":85,"column":44},"end":{"line":85,"column":48}}]},"13":{"line":86,"type":"binary-expr","locations":[{"start":{"line":86,"column":14},"end":{"line":86,"column":29}},{"start":{"line":86,"column":34},"end":{"line":86,"column":38}}]},"14":{"line":87,"type":"binary-expr","locations":[{"start":{"line":87,"column":11},"end":{"line":87,"column":22}},{"start":{"line":87,"column":29},"end":{"line":87,"column":33}}]},"15":{"line":88,"type":"binary-expr","locations":[{"start":{"line":88,"column":20},"end":{"line":88,"column":43}},{"start":{"line":88,"column":47},"end":{"line":88,"column":48}}]},"16":{"line":89,"type":"binary-expr","locations":[{"start":{"line":89,"column":13},"end":{"line":89,"column":27}},{"start":{"line":89,"column":33},"end":{"line":89,"column":50}}]},"17":{"line":90,"type":"binary-expr","locations":[{"start":{"line":90,"column":13},"end":{"line":90,"column":27}},{"start":{"line":90,"column":34},"end":{"line":90,"column":49}},{"start":{"line":90,"column":53},"end":{"line":90,"column":68}}]},"18":{"line":91,"type":"binary-expr","locations":[{"start":{"line":91,"column":13},"end":{"line":91,"column":27}},{"start":{"line":91,"column":34},"end":{"line":91,"column":49}},{"start":{"line":91,"column":53},"end":{"line":91,"column":68}}]},"19":{"line":93,"type":"cond-expr","locations":[{"start":{"line":93,"column":55},"end":{"line":93,"column":60}},{"start":{"line":93,"column":63},"end":{"line":93,"column":67}}]},"20":{"line":94,"type":"cond-expr","locations":[{"start":{"line":94,"column":57},"end":{"line":94,"column":62}},{"start":{"line":94,"column":65},"end":{"line":94,"column":69}}]},"21":{"line":99,"type":"if","locations":[{"start":{"line":99,"column":1},"end":{"line":99,"column":1}},{"start":{"line":99,"column":1},"end":{"line":99,"column":1}}]},"22":{"line":104,"type":"if","locations":[{"start":{"line":104,"column":1},"end":{"line":104,"column":1}},{"start":{"line":104,"column":1},"end":{"line":104,"column":1}}]},"23":{"line":108,"type":"if","locations":[{"start":{"line":108,"column":1},"end":{"line":108,"column":1}},{"start":{"line":108,"column":1},"end":{"line":108,"column":1}}]},"24":{"line":149,"type":"if","locations":[{"start":{"line":149,"column":2},"end":{"line":149,"column":2}},{"start":{"line":149,"column":2},"end":{"line":149,"column":2}}]},"25":{"line":161,"type":"if","locations":[{"start":{"line":161,"column":2},"end":{"line":161,"column":2}},{"start":{"line":161,"column":2},"end":{"line":161,"column":2}}]},"26":{"line":165,"type":"binary-expr","locations":[{"start":{"line":165,"column":35},"end":{"line":165,"column":54}},{"start":{"line":165,"column":58},"end":{"line":165,"column":60}}]},"27":{"line":171,"type":"if","locations":[{"start":{"line":171,"column":2},"end":{"line":171,"column":2}},{"start":{"line":171,"column":2},"end":{"line":171,"column":2}}]},"28":{"line":179,"type":"if","locations":[{"start":{"line":179,"column":2},"end":{"line":179,"column":2}},{"start":{"line":179,"column":2},"end":{"line":179,"column":2}}]},"29":{"line":181,"type":"if","locations":[{"start":{"line":181,"column":3},"end":{"line":181,"column":3}},{"start":{"line":181,"column":3},"end":{"line":181,"column":3}}]},"30":{"line":181,"type":"binary-expr","locations":[{"start":{"line":181,"column":8},"end":{"line":181,"column":13}},{"start":{"line":181,"column":17},"end":{"line":181,"column":27}}]},"31":{"line":186,"type":"cond-expr","locations":[{"start":{"line":186,"column":43},"end":{"line":186,"column":44}},{"start":{"line":186,"column":47},"end":{"line":186,"column":48}}]},"32":{"line":188,"type":"if","locations":[{"start":{"line":188,"column":5},"end":{"line":188,"column":5}},{"start":{"line":188,"column":5},"end":{"line":188,"column":5}}]},"33":{"line":193,"type":"if","locations":[{"start":{"line":193,"column":4},"end":{"line":193,"column":4}},{"start":{"line":193,"column":4},"end":{"line":193,"column":4}}]},"34":{"line":193,"type":"binary-expr","locations":[{"start":{"line":193,"column":8},"end":{"line":193,"column":24}},{"start":{"line":193,"column":28},"end":{"line":193,"column":66}}]},"35":{"line":217,"type":"if","locations":[{"start":{"line":217,"column":3},"end":{"line":217,"column":3}},{"start":{"line":217,"column":3},"end":{"line":217,"column":3}}]},"36":{"line":221,"type":"if","locations":[{"start":{"line":221,"column":4},"end":{"line":221,"column":4}},{"start":{"line":221,"column":4},"end":{"line":221,"column":4}}]},"37":{"line":221,"type":"binary-expr","locations":[{"start":{"line":221,"column":9},"end":{"line":221,"column":22}},{"start":{"line":221,"column":26},"end":{"line":221,"column":80}}]},"38":{"line":230,"type":"if","locations":[{"start":{"line":230,"column":8},"end":{"line":230,"column":8}},{"start":{"line":230,"column":8},"end":{"line":230,"column":8}}]},"39":{"line":234,"type":"if","locations":[{"start":{"line":234,"column":3},"end":{"line":234,"column":3}},{"start":{"line":234,"column":3},"end":{"line":234,"column":3}}]},"40":{"line":234,"type":"binary-expr","locations":[{"start":{"line":234,"column":7},"end":{"line":234,"column":35}},{"start":{"line":234,"column":39},"end":{"line":234,"column":60}},{"start":{"line":234,"column":64},"end":{"line":234,"column":78}},{"start":{"line":234,"column":82},"end":{"line":234,"column":90}}]},"41":{"line":239,"type":"if","locations":[{"start":{"line":239,"column":2},"end":{"line":239,"column":2}},{"start":{"line":239,"column":2},"end":{"line":239,"column":2}}]},"42":{"line":239,"type":"binary-expr","locations":[{"start":{"line":239,"column":6},"end":{"line":239,"column":23}},{"start":{"line":239,"column":27},"end":{"line":239,"column":66}},{"start":{"line":239,"column":70},"end":{"line":239,"column":94}},{"start":{"line":239,"column":98},"end":{"line":239,"column":116}}]},"43":{"line":246,"type":"if","locations":[{"start":{"line":246,"column":2},"end":{"line":246,"column":2}},{"start":{"line":246,"column":2},"end":{"line":246,"column":2}}]},"44":{"line":247,"type":"binary-expr","locations":[{"start":{"line":247,"column":3},"end":{"line":247,"column":11}},{"start":{"line":247,"column":15},"end":{"line":247,"column":36}}]},"45":{"line":253,"type":"if","locations":[{"start":{"line":253,"column":3},"end":{"line":253,"column":3}},{"start":{"line":253,"column":3},"end":{"line":253,"column":3}}]},"46":{"line":254,"type":"binary-expr","locations":[{"start":{"line":254,"column":11},"end":{"line":254,"column":19}},{"start":{"line":254,"column":23},"end":{"line":254,"column":43}}]},"47":{"line":261,"type":"if","locations":[{"start":{"line":261,"column":3},"end":{"line":261,"column":3}},{"start":{"line":261,"column":3},"end":{"line":261,"column":3}}]},"48":{"line":268,"type":"binary-expr","locations":[{"start":{"line":268,"column":10},"end":{"line":268,"column":18}},{"start":{"line":268,"column":22},"end":{"line":268,"column":42}}]},"49":{"line":273,"type":"if","locations":[{"start":{"line":273,"column":2},"end":{"line":273,"column":2}},{"start":{"line":273,"column":2},"end":{"line":273,"column":2}}]},"50":{"line":288,"type":"if","locations":[{"start":{"line":288,"column":2},"end":{"line":288,"column":2}},{"start":{"line":288,"column":2},"end":{"line":288,"column":2}}]},"51":{"line":296,"type":"if","locations":[{"start":{"line":296,"column":2},"end":{"line":296,"column":2}},{"start":{"line":296,"column":2},"end":{"line":296,"column":2}}]},"52":{"line":348,"type":"if","locations":[{"start":{"line":348,"column":1},"end":{"line":348,"column":1}},{"start":{"line":348,"column":1},"end":{"line":348,"column":1}}]},"53":{"line":352,"type":"if","locations":[{"start":{"line":352,"column":1},"end":{"line":352,"column":1}},{"start":{"line":352,"column":1},"end":{"line":352,"column":1}}]},"54":{"line":356,"type":"if","locations":[{"start":{"line":356,"column":1},"end":{"line":356,"column":1}},{"start":{"line":356,"column":1},"end":{"line":356,"column":1}}]},"55":{"line":382,"type":"if","locations":[{"start":{"line":382,"column":1},"end":{"line":382,"column":1}},{"start":{"line":382,"column":1},"end":{"line":382,"column":1}}]}},"code":["/*"," *"," * Node Discover"," *"," * Attributes"," *   Nodes"," *"," * Methods"," *   Promote"," *   Demote"," *   Join"," *   Leave"," *   Advertise"," *   Send"," *   Start"," *   Stop"," *   EachNode(fn)"," *"," * Events"," *   Promotion"," *   Demotion"," *   Added"," *   Removed"," *   Master"," *"," *"," * checkInterval should be greater than hello interval or you're just wasting cpu"," * nodeTimeout must be greater than checkInterval"," * masterTimeout must be greater than nodeTimeout"," *"," */","","var Network = require('./network.js'),","\tEventEmitter = require('events').EventEmitter,","\tutil = require('util');","","var reservedEvents = ['promotion', 'demotion', 'added', 'removed', 'master', 'hello'];","","module.exports = Discover;","","/*"," * This is the default automatically assigned weight function in the case that"," * you do not specify a weight, this function will be called. You can override"," * this function if you want to change the default behavior."," *"," * Example:"," *"," * ```js"," * var Discover = require('discover');"," * Discover.weight = function () {"," * \treturn Math.random();"," * }"," *"," * var d = new Discover();"," * ```"," */","Discover.weight = function () {","\t//default to negative, decimal now value","\treturn -(Date.now() / Math.pow(10,String(Date.now()).length));","};","","function Discover (options, callback) {","\tif (!(this instanceof Discover)) {","\t\treturn new Discover(options, callback);","\t}","","\tEventEmitter.call(this);","","\tif (typeof options === 'function') {","\t\tcallback = options;","\t\toptions = null;","\t}","","\tvar self = this, checkId, helloId, running = false, options = options || {}","","\tvar settings = self.settings = {","\t\thelloInterval\t: options.helloInterval\t\t|| 1000,","\t\tcheckInterval\t: options.checkInterval\t\t|| 2000,","\t\tnodeTimeout\t\t: options.nodeTimeout\t\t|| 2000,","\t\tmasterTimeout\t: options.masterTimeout\t\t|| 2000,","\t\taddress\t\t\t: options.address\t\t\t|| '0.0.0.0',","\t\tport\t\t\t: options.port\t\t\t\t|| 12345,","\t\tbroadcast\t\t: options.broadcast \t\t|| null,","\t\tmulticast\t\t: options.multicast \t\t|| null,","\t\tmulticastTTL \t: options.multicastTTL \t\t|| null,","\t\tunicast\t\t\t: options.unicast\t\t|| null,","\t\tkey\t\t\t\t: options.key\t\t\t\t|| null,","\t\tmastersRequired\t: options.mastersRequired\t|| 1,","\t\tweight\t\t\t: options.weight\t\t\t|| Discover.weight(),","\t\tclient\t\t\t: options.client\t\t\t|| (!options.client && !options.server),","\t\tserver\t\t\t: options.server\t\t\t|| (!options.client && !options.server),","\t\treuseAddr\t\t: options.reuseAddr, \t\t//default is set at the network layer (true)","\t\tignoreProcess : (options.ignoreProcess ===  false) ? false : true,","\t\tignoreInstance : (options.ignoreInstance ===  false) ? false : true","\t};","","\t//this is for backwards compatibilty with v0.1.0","\t//TODO: should be removed in the next major release","\tif (options.ignore === false) {","\t\tsettings.ignoreProcess = false;","\t\tsettings.ignoreInstance = false;","\t}","","\tif (!(settings.nodeTimeout >= settings.checkInterval)) {","\t\tthrow new Error(\"nodeTimeout must be greater than or equal to checkInterval.\");","\t}","","\tif (!(settings.masterTimeout >= settings.nodeTimeout)) {","\t\tthrow new Error(\"masterTimeout must be greater than or equal to nodeTimeout.\");","\t}","","\tself.broadcast = new Network({","\t\taddress \t: settings.address,","\t\tport \t\t: settings.port,","\t\tbroadcast \t: settings.broadcast,","\t\tmulticast\t: settings.multicast,","\t\tmulticastTTL: settings.multicastTTL,","\t\tunicast\t\t: settings.unicast,","\t\tkey \t\t: settings.key,","\t\treuseAddr\t: settings.reuseAddr,","\t\tignoreProcess  : settings.ignoreProcess,","\t\tignoreInstance  : settings.ignoreInstance","\t});","","\t//This is the object that gets broadcast with each hello packet.","\tself.me = {","\t\tisMaster \t: false,","\t\tisMasterEligible: self.settings.server, //Only master eligible by default if we are a server","\t\tweight \t\t: settings.weight,","\t\taddress \t: '127.0.0.1', //TODO: get the real local address?","\t\tadvertisement\t: options.advertisement","\t};","","\tself.nodes = {};","\tself.channels = [];","","\t/*","\t * When receiving hello messages we need things to happen in the following order:","\t * \t- make sure the node is in the node list","\t * \t- if hello is from new node, emit added","\t * \t- if hello is from new master and we are master, demote","\t * \t- if hello is from new master emit m
[...]
line":182,"column":27},"end":{"line":182,"column":53}}},"14":{"name":"encrypt","line":202,"loc":{"start":{"line":202,"column":0},"end":{"line":202,"column":28}}},"15":{"name":"decrypt","line":212,"loc":{"start":{"line":212,"column":0},"end":{"line":212,"column":28}}}},"statementMap":{"1":{"start":{"line":1,"column":0},"end":{"line":7,"column":109}},"2":{"start":{"line":7,"column":83},"end":{"line":7,"column":106}},"3":{"start":{"line":9,"column":0},"end":{"line":9,"column":25}},"4":{"start":{"line":10,"column":0},"end":{"line":10,"column":29}},"5":{"start":{"line":12,"column":0},"end":{"line":12,"column":25}},"6":{"start":{"line":14,"column":0},"end":{"line":78,"column":1}},"7":{"start":{"line":15,"column":4},"end":{"line":17,"column":5}},"8":{"start":{"line":16,"column":8},"end":{"line":16,"column":46}},"9":{"start":{"line":19,"column":4},"end":{"line":19,"column":28}},"10":{"start":{"line":21,"column":4},"end":{"line":21,"column":45}},"11":{"start":{"line":23,"column":4},"end":{"line":23,"column":57}},"12":{"start":{"line":24,"column":4},"end":{"line":24,"column":53}},"13":{"start":{"line":25,"column":4},"end":{"line":25,"column":52}},"14":{"start":{"line":26,"column":4},"end":{"line":26,"column":52}},"15":{"start":{"line":27,"column":4},"end":{"line":27,"column":52}},"16":{"start":{"line":28,"column":4},"end":{"line":28,"column":52}},"17":{"start":{"line":29,"column":4},"end":{"line":29,"column":52}},"18":{"start":{"line":30,"column":4},"end":{"line":30,"column":71}},"19":{"start":{"line":31,"column":4},"end":{"line":31,"column":76}},"20":{"start":{"line":32,"column":4},"end":{"line":32,"column":77}},"21":{"start":{"line":34,"column":4},"end":{"line":41,"column":5}},"22":{"start":{"line":37,"column":8},"end":{"line":37,"column":49}},"23":{"start":{"line":40,"column":8},"end":{"line":40,"column":85}},"24":{"start":{"line":43,"column":4},"end":{"line":43,"column":34}},"25":{"start":{"line":44,"column":4},"end":{"line":44,"column":32}},"26":{"start":{"line":46,"column":4},"end":{"line":72,"column":7}},"27":{"start":{"line":47,"column":8},"end":{"line":71,"column":11}},"28":{"start":{"line":48,"column":12},"end":{"line":70,"column":13}},"29":{"start":{"line":59,"column":17},"end":{"line":70,"column":13}},"30":{"start":{"line":60,"column":20},"end":{"line":60,"column":33}},"31":{"start":{"line":62,"column":17},"end":{"line":70,"column":13}},"32":{"start":{"line":63,"column":20},"end":{"line":63,"column":33}},"33":{"start":{"line":65,"column":17},"end":{"line":70,"column":13}},"34":{"start":{"line":66,"column":16},"end":{"line":66,"column":59}},"35":{"start":{"line":69,"column":16},"end":{"line":69,"column":41}},"36":{"start":{"line":74,"column":4},"end":{"line":77,"column":7}},"37":{"start":{"line":80,"column":0},"end":{"line":80,"column":37}},"38":{"start":{"line":82,"column":0},"end":{"line":117,"column":2}},"39":{"start":{"line":83,"column":4},"end":{"line":83,"column":20}},"40":{"start":{"line":85,"column":4},"end":{"line":116,"column":7}},"41":{"start":{"line":86,"column":8},"end":{"line":113,"column":9}},"42":{"start":{"line":87,"column":12},"end":{"line":89,"column":13}},"43":{"start":{"line":88,"column":16},"end":{"line":88,"column":55}},"44":{"start":{"line":91,"column":12},"end":{"line":91,"column":55}},"45":{"start":{"line":93,"column":13},"end":{"line":113,"column":9}},"46":{"start":{"line":95,"column":12},"end":{"line":95,"column":43}},"47":{"start":{"line":98,"column":12},"end":{"line":98,"column":69}},"48":{"start":{"line":101,"column":12},"end":{"line":110,"column":13}},"49":{"start":{"line":103,"column":16},"end":{"line":103,"column":58}},"50":{"start":{"line":104,"column":16},"end":{"line":104,"column":63}},"51":{"start":{"line":107,"column":16},"end":{"line":107,"column":38}},"52":{"start":{"line":109,"column":16},"end":{"line":109,"column":47}},"53":{"start":{"line":112,"column":12},"end":{"line":112,"column":48}},"54":{"start":{"line":115,"column":8},"end":{"line":115,"column":38}},"55":{"start":{"line":119,"column":0},"end":{"line":125,"column":2}},"56":{"start":{"line":120,"column":4},"end":{"line":120,"column":20}},"57":{"start":{"line":122,"column":4},"end":{"line":122,"column":24}},"58":{"start":{"line":124,"column":4},"end":{"line":124,"column":34}},"59":{"start":{"line":127,"column":0},"end":{"line":162,"column":2}},"60":{"start":{"line":128,"column":4},"end":{"line":128,"column":20}},"61":{"start":{"line":130,"column":4},"end":{"line":135,"column":6}},"62":{"start":{"line":137,"column":4},"end":{"line":143,"column":5}},"63":{"start":{"line":138,"column":8},"end":{"line":138,"column":32}},"64":{"start":{"line":145,"column":4},"end":{"line":161,"column":7}},"65":{"start":{"line":146,"column":8},"end":{"line":148,"column":9}},"66":{"start":{"line":147,"column":12},"end":{"line":147,"column":25}},"67":{"start":{"line":150,"column":8},"end":{"line":150,"column":39}},"68":{"start":{"line":152,"column":8},"end":{"line":160,"column":11}},"69":{"start":{"line":153,"column":12},"end":{"line":159,"column":14}},"70":{"start":{"line":164,"column":0},"end":{"line":180,"column":2}},"71":{"start":{"line":165,"column":4},"end":{"line":167,"column":9}},"72":{"start":{"line":169,"column":4},"end":{"line":177,"column":5}},"73":{"start":{"line":170,"column":8},"end":{"line":173,"column":13}},"74":{"start":{"line":176,"column":8},"end":{"line":176,"column":33}},"75":{"start":{"line":179,"column":4},"end":{"line":179,"column":31}},"76":{"start":{"line":182,"column":0},"end":{"line":200,"column":2}},"77":{"start":{"line":183,"column":4},"end":{"line":185,"column":9}},"78":{"start":{"line":187,"column":4},"end":{"line":197,"column":5}},"79":{"start":{"line":188,"column":8},"end":{"line":193,"column":9}},"80":{"start":{"line":189,"column":8},"end":{"line":189,"column":60}},"81":{"start":{"line":192,"column":12},"end":{"line":192,"column":35}},"82":{"start":{"line":196,"column":8},"end":{"line":196,"column":33}},"83":{"start":{"line":199,"column":4},"end":{"line":199,"column":31}},"84":{"start":{"line":202,"column":0},"end":{"line":210,"column":1}},"85":{"start":{"line":203,"column":4},"end":{"line":203,"column":17}},"86":{"start":{"line":204,"column":4},"end":{"line":204,"column":52}},"87":{"start":{"line":206,"column":4},"end":{"line":206,"column":51}},"88":{"start":{"line":207,"column":4},"end":{"line":207,"column":37}},"89":{"start":{"line":209,"column":4},"end":{"line":209,"column":24}},"90":{"start":{"line":212,"column":0},"end":{"line":220,"column":1}},"91":{"start":{"line":213,"column":4},"end":{"line":213,"column":17}},"92":{"start":{"line":214,"column":4},"end":{"line":214,"column":56}},"93":{"start":{"line":216,"column":4},"end":{"line":216,"column":53}},"94":{"start":{"line":217,"column":4},"end":{"line":217,"column":37}},"95":{"start":{"line":219,"column":4},"end":{"line":219,"column":24}}},"branchMap":{"1":{"line":15,"type":"if","locations":[{"start":{"line":15,"column":4},"end":{"line":15,"column":4}},{"start":{"line":15,"column":4},"end":{"line":15,"column":4}}]},"2":{"line":21,"type":"binary-expr","locations":[{"start":{"line":21,"column":31},"end":{"line":21,"column":38}},{"start":{"line":21,"column":42},"end":{"line":21,"column":44}}]},"3":{"line":23,"type":"binary-expr","locations":[{"start":{"line":23,"column":26},"end":{"line":23,"column":41}},{"start":{"line":23,"column":47},"end":{"line":23,"column":56}}]},"4":{"line":24,"type":"binary-expr","locations":[{"start":{"line":24,"column":26},"end":{"line":24,"column":38}},{"start":{"line":24,"column":47},"end":{"line":24,"column":52}}]},"5":{"line":25,"type":"binary-expr","locations":[{"start":{"line":25,"column":26},"end":{"line":25,"column":43}},{"start":{"line":25,"column":47},"end":{"line":25,"column":51}}]},"6":{"line":26,"type":"binary-expr","locations":[{"start":{"line":26,"column":26},"end":{"line":26,"column":43}},{"start":{"line":26,"column":47},"end":{"line":26,"column":51}}]},"7":{"line":27,"type":"binary-expr","locations":[{"start":{"line":27,"column":26},"end":{"line":27,"column":46}},{"start":{"line":27,"column":50},"end":{"line":27,"column":51}}]},"8":{"line":28,"type":"binary-expr","locations":[{"start":{"line":28,"column":26},"end":{"line":28,"column":41}},{"start":{"line":28,"column":47},"end":{"line":28,"column":51}}]},"9":{"line":29,"type":"binary-expr","locations":[{"start":{"line":29,"column":26},"end":{"line":29,"column":37}},{"start":{"line":29,"column":47},"end":{"line":29,"column":51}}]},"10":{"line":30,"type":"cond-expr","locations":[{"start":{"line":30,"column":58},"end":{"line":30,"column":63}},{"start":{"line":30,"column":66},"end":{"line":30,"column":70}}]},"11":{"line":31,"type":"cond-expr","locations":[{"start":{"line":31,"column":63},"end":{"line":31,"column":68}},{"start":{"line":31,"column":71},"end":{"line":31,"column":75}}]},"12":{"line":32,"type":"cond-expr","locations":[{"start":{"line":32,"column":64},"end":{"line":32,"column":69}},{"start":{"line":32,"column":72},"end":{"line":32,"column":76}}]},"13":{"line":34,"type":"if","locations":[{"start":{"line":34,"column":4},"end":{"line":34,"column":4}},{"start":{"line":34,"column":4},"end":{"line":34,"column":4}}]},"14":{"line":34,"type":"binary-expr","locations":[{"start":{"line":34,"column":8},"end":{"line":34,"column":28}},{"start":{"line":34,"column":32},"end":{"line":34,"column":51}}]},"15":{"line":48,"type":"if","locations":[{"start":{"line":48,"column":12},"end":{"line":48,"column":12}},{"start":{"line":48,"column":12},"end":{"line":48,"column":12}}]},"16":{"line":59,"type":"if","locations":[{"start":{"line":59,"column":17},"end":{"line":59,"column":17}},{"start":{"line":59,"column":17},"end":{"line":59,"column":17}}]},"17":{"line":59,"type":"binary-expr","locations":[{"start":{"line":59,"column":21},"end":{"line":59,"column":40}},{"start":{"line":59,"column":44},"end":{"line":59,"column":62}},{"start":{"line":59,"column":66},"end":{"line":59,"column":95}}]},"18":{"line":62,"type":"if","locations":[{"start":{"line":62,"column":17},"end":{"line":62,"column":17}},{"start":{"line":62,"column":17},"end":{"line":62,"column":17}}]},"19":{"line":62,"type":"binary-expr","locations":[{"start":{"line":62,"column":21},"end":{"line":62,"column":49}},{"start":{"line":62,"column":53},"end":{"line":62,"column":72}}]},"20":{"line":65,"type":"if","locations":[{"start":{"line":65,"column":17},"end":{"line":65,"column":17}},{"start":{"line":65,"column":17},"end":{"line":65,"column":17}}]},"21":{"line":65,"type":"binary-expr","locations":[{"start":{"line":65,"column":21},"end":{"line":65,"column":30}},{"start":{"line":65,"column":34},"end":{"line":65,"column":42}}]},"22":{"line":86,"type":"if","locations":[{"start":{"line":86,"column":8},"end":{"line":86,"column":8}},{"start":{"line":86,"column":8},"end":{"line":86,"column":8}}]},"23":{"line":87,"type":"if","locations":[{"start":{"line":87,"column":12},"end":{"line":87,"column":12}},{"start":{"line":87,"column":12},"end":{"line":87,"column":12}}]},"24":{"line":87,"type":"binary-expr","locations":[{"start":{"line":87,"column":16},"end":{"line":87,"column":48}},{"start":{"line":87,"column":52},"end":{"line":87,"column":78}}]},"25":{"line":93,"type":"if","locations":[{"start":{"line":93,"column":13},"end":{"line":93,"column":13}},{"start":{"line":93,"column":13},"end":{"line":93,"column":13}}]},"26":{"line":98,"type":"binary-expr","locations":[{"start":{"line":98,"column":32},"end":{"line":98,"column":46}},{"start":{"line":98,"column":50},"end":{"line":98,"column":67}}]},"27":{"line":109,"type":"binary-expr","locations":[{"start":{"line":109,"column":23},"end":{"line":109,"column":31}},{"start":{"line":109,"column":35},"end":{"line":109,"column":46}}]},"28":{"line":115,"type":"binary-expr","locations":[{"start":{"line":115,"column":15},"end":{"line":115,"column":23}},{"start":{"line":115,"column":27},"end":{"line":115,"column":37}}]},"29":{"line":124,"type":"binary-expr","locations":[{"start":{"line":124,"column":11},"end":{"line":124,"column":19}},{"start":{"line":124,"column":23},"end":{"line":124,"column":33}}]},"30":{"line":137,"type":"if","locations":[{"start":{"line":137,"column":4},"end":{"line":137,"column":4}},{"start":{"line":137,"column":4},"end":{"line":137,"column":4}}]},"31":{"line":146,"type":"if","locations":[{"start":{"line":146,"column":8},"end":{"line":146,"column":8}},{"start":{"line":146,"column":8},"end":{"line":146,"column":8}}]},"32":{"line":170,"type":"cond-expr","locations":[{"start":{"line":171,"column":14},"end":{"line":171,"column":52}},{"start":{"line":172,"column":14},"end":{"line":172,"column":34}}]},"33":{"line":188,"type":"if","locations":[{"start":{"line":188,"column":8},"end":{"line":188,"column":8}},{"start":{"line":188,"column":8},"end":{"line":188,"column":8}}]}},"code":["var dgram = require('dgram'),","    crypto = require('crypto'),","    os = require('os'),","    EventEmitter = require('events').EventEmitter,","    util = require('util'),","    uuid = require('node-uuid'),","    nodeVersion = process.version.replace('v','').split(/\\./gi).map(function (t) { return parseInt(t, 10) });","","var procUuid = uuid.v4();","var hostName = os.hostname();","","module.exports = Network; "," ","function Network (options) {","    if (!(this instanceof Network)) {","        return new Network(options, callback);","    }","","    EventEmitter.call(this);","","    var self = this, options = options || {};","","    self.address        = options.address   || '0.0.0.0';","    self.port           = options.port      || 12345;","    self.broadcast      = options.broadcast || null;","    self.multicast      = options.multicast || null;","    self.multicastTTL   = options.multicastTTL || 1;","    self.unicast        = options.unicast   || null;","    self.key            = options.key       || null;","    self.reuseAddr      = (options.reuseAddr === false) ? false : true;","    self.ignoreProcess  = (options.ignoreProcess ===  false) ? false : true;","    self.ignoreInstance = (options.ignoreInstance ===  false) ? false : true;","","    if (nodeVersion[0] === 0 && nodeVersion[1] < 12) {","        //node v0.10 does not support passing an object to dgram.createSocket","        //not sure if v0.11 does, but assuming it does not.","        self.socket = dgram.createSocket('udp4');","    }","    else {","        self.socket = dgram.createSocket({type: 'udp4', reuseAddr: self.reuseAddr });","    }","","    self.instanceUuid = uuid.v4();","    self.processUuid = procUuid;","","    self.socket.on(\"message\", function ( data, rinfo ) {","        self.decode(data, function (err, obj) {","            if (err) {","                //most decode errors are because we tried","                //to decrypt a packet for which we do not","                //have the key","","                //the only other possibility is that the","                //message was split across packet boundaries","                //and that is not handled","","                //self.emit(\"error\", err);","            }","            else if (obj.pid == procUuid && self.ignoreProcess && obj.iid !== self.instanceUuid) {","                    return false;","            }","            else if (obj.iid == self.instanceUuid && self.ignoreInstance) {","                    return false;","            }","            else if (obj.event && obj.data) {","                self.emit(obj.event, obj.data, obj, rinfo);","            }","            else {","                self.emit(\"message\", obj)","            }","        });","    });","","    self.on(\"error\", function (err) {","        //TODO: Deal with this","        /*console.log(\"Network error: \", err.stack);*/","    });","};","","util.inherits(Network, EventEmitter);","","Network.prototype.start = function (callback) {","    var self = this;","","    self.socket.bind(self.port, self.address, function () {","        if (self.unicast) {","            if (typeof self.unicast === 'string' && ~self.unicast.indexOf(',')) {","                self.unicast = self.unicast.split(',');","            }","","            self.destination = [].concat(self.unicast);","        }","        else if (!self.multicast) {","            //Default to using broadcast if multicast address is not specified.","            self.socket.setBroadcast(true);","","            //TODO: get the default broadcast address from os.networkInterfaces() (not currently returned)","            self.destination = [self.broadcast || \"255.255.255.255\"];","        }","        else {","            try {","                //addMembership can throw if there are no interfaces available","                self.socket.addMembership(self.multicast);","                self.socket.setMulticastTTL(self.multicastTTL);","            }","            catch (e) {","                self.emit('error', e);","","                return callback && callback(e);","            }","","            self.destination = [self.multicast];","        }","","        return callback && callback();","    });","};","","Network.prototype.stop = function (callback) {","    var self = this;","","    self.socket.close();","","    return callback && callback();","};","","Network.prototype.send = function (event) {","    var self = this;","","    var obj = {","        event : event,","        pid : procUuid,","        iid : self.instanceUuid,","        hostName : hostName","    };","","    if (arguments.length == 2) {","        obj.data = arguments[1];","    }","    else {","        //TODO: splice the arguments array and remove the first element","        //setting data to the result array","    }","","    self.encode(obj, function (err, contents) {","        if (err) {","            return false;","        }","","        var msg = new Buffer(contents);","        ","        self.destination.forEach(function (destination) {","            self.socket.send(","                msg","                , 0","                , msg.length","                , self.port","                , destination","            );","        });","    });","};","","Network.prototype.encode = function (data, callback) {","    var self = this","        , tmp","        ;","","    try {","        tmp = (self.key)","            ? encrypt(JSON.stringify(data),self.key)","            : JSON.stringify(data)","            ;","    }","    catch (e) {","        return callback(e, null);","    }","","    return callback(null, tmp);","};","","Network.prototype.decode = function (data, callback) {","    var self = this","        , tmp","        ;","","    try {","        if (self.key) {","        tmp = JSON.parse(decrypt(data.toString(),self.key));","        }","        else {","            tmp = JSON.parse(data);","        }","    }","    catch (e) {","        return callback(e, null);","    }","","    return callback(null, tmp);","};","","function encrypt (str, key) {","    var buf = [];","    var cipher = crypto.createCipher('aes256', key);","","    buf.push(cipher.update(str, 'utf8', 'binary'));","    buf.push(cipher.final('binary'));","","    return buf.join('');","};","","function decrypt (str, key) {","    var buf = [];","    var decipher = crypto.createDecipher('aes256', key);","","    buf.push(decipher.update(str, 'binary', 'utf8'));","    buf.push(decipher.final('utf8'));","","    return buf.join('');","};",""],"l":{"1":1,"7":3,"9":1,"10":1,"12":1,"14":1,"15":0,"16":0,"19":0,"21":0,"23":0,"24":0,"25":0,"26":0,"27":0,"28":0,"29":0,"30":0,"31":0,"32":0,"34":0,"37":0,"40":0,"43":0,"44":0,"46":0,"47":0,"48":0,"59":0,"60":0,"62":0,"63":0,"65":0,"66":0,"69":0,"74":0,"80":1,"82":1,"83":0,"85":0,"86":0,"87":0,"88":0,"91":0,"93":0,"95":0,"98":0,"101":0,"103":0,"104":0,"107":0,"109":0,"112":0,"115":0,"119":1,"120":0,"122":0,"124":0,"127":1,"128":0,"130":0,"137":0,"138":0,"145":0,"146":0,"147":0,"150":0,"152":0,"153":0,"164":1,"165":0,"169":0,"170":0,"176":0,"179":0,"182":1,"183":0,"187":0,"188":0,"189":0,"192":0,"196":0,"199":0,"202":1,"203":0,"204":0,"206":0,"207":0,"209":0,"212":1,"213":0,"214":0,"216":0,"217":0,"219":0}}}